mode: set
github.com/Zifeldev/emailback/cmd/main.go:25.13,37.65 5 0
github.com/Zifeldev/emailback/cmd/main.go:37.65,39.3 1 0
github.com/Zifeldev/emailback/cmd/main.go:41.2,42.16 2 0
github.com/Zifeldev/emailback/cmd/main.go:42.16,44.3 1 0
github.com/Zifeldev/emailback/cmd/main.go:45.2,70.33 18 0
github.com/Zifeldev/emailback/cmd/main.go:70.33,72.3 1 0
github.com/Zifeldev/emailback/cmd/main.go:74.2,83.32 2 0
github.com/Zifeldev/emailback/cmd/main.go:83.32,85.3 1 0
github.com/Zifeldev/emailback/cmd/main.go:87.2,87.12 1 0
github.com/Zifeldev/emailback/cmd/main.go:87.12,89.77 2 0
github.com/Zifeldev/emailback/cmd/main.go:89.77,91.4 1 0
github.com/Zifeldev/emailback/cmd/main.go:93.2,102.50 8 0
github.com/Zifeldev/emailback/cmd/main.go:102.50,104.3 1 0
github.com/Zifeldev/emailback/cmd/main.go:104.8,106.3 1 0
github.com/Zifeldev/emailback/cmd/main.go:25.13,37.65 5 0
github.com/Zifeldev/emailback/cmd/main.go:37.65,39.3 1 0
github.com/Zifeldev/emailback/cmd/main.go:41.2,42.16 2 0
github.com/Zifeldev/emailback/cmd/main.go:42.16,44.3 1 0
github.com/Zifeldev/emailback/cmd/main.go:45.2,70.33 18 0
github.com/Zifeldev/emailback/cmd/main.go:70.33,72.3 1 0
github.com/Zifeldev/emailback/cmd/main.go:74.2,83.32 2 0
github.com/Zifeldev/emailback/cmd/main.go:83.32,85.3 1 0
github.com/Zifeldev/emailback/cmd/main.go:87.2,87.12 1 0
github.com/Zifeldev/emailback/cmd/main.go:87.12,89.77 2 0
github.com/Zifeldev/emailback/cmd/main.go:89.77,91.4 1 0
github.com/Zifeldev/emailback/cmd/main.go:93.2,102.50 8 0
github.com/Zifeldev/emailback/cmd/main.go:102.50,104.3 1 0
github.com/Zifeldev/emailback/cmd/main.go:104.8,106.3 1 0
github.com/Zifeldev/emailback/internal/config/config.go:42.41,50.16 4 1
github.com/Zifeldev/emailback/internal/config/config.go:50.16,64.3 1 1
github.com/Zifeldev/emailback/internal/config/config.go:64.8,78.3 1 1
github.com/Zifeldev/emailback/internal/config/config.go:79.2,82.12 2 1
github.com/Zifeldev/emailback/internal/config/config.go:85.37,86.36 1 1
github.com/Zifeldev/emailback/internal/config/config.go:86.36,88.3 1 0
github.com/Zifeldev/emailback/internal/config/config.go:89.2,89.12 1 1
github.com/Zifeldev/emailback/internal/config/config.go:91.44,92.36 1 1
github.com/Zifeldev/emailback/internal/config/config.go:92.36,94.17 2 1
github.com/Zifeldev/emailback/internal/config/config.go:94.17,96.4 1 1
github.com/Zifeldev/emailback/internal/config/config.go:98.2,98.12 1 0
github.com/Zifeldev/emailback/internal/config/config.go:100.41,101.36 1 1
github.com/Zifeldev/emailback/internal/config/config.go:101.36,102.44 1 1
github.com/Zifeldev/emailback/internal/config/config.go:102.44,104.4 1 0
github.com/Zifeldev/emailback/internal/config/config.go:106.2,106.12 1 1
github.com/Zifeldev/emailback/internal/config/config.go:108.66,109.36 1 1
github.com/Zifeldev/emailback/internal/config/config.go:109.36,110.50 1 1
github.com/Zifeldev/emailback/internal/config/config.go:110.50,112.4 1 1
github.com/Zifeldev/emailback/internal/config/config.go:114.2,114.12 1 1
github.com/Zifeldev/emailback/internal/config/config.go:117.33,118.47 1 1
github.com/Zifeldev/emailback/internal/config/config.go:118.47,120.3 1 1
github.com/Zifeldev/emailback/internal/config/config.go:121.2,121.51 1 1
github.com/Zifeldev/emailback/internal/config/config.go:123.33,126.16 3 1
github.com/Zifeldev/emailback/internal/config/config.go:126.16,127.56 1 1
github.com/Zifeldev/emailback/internal/config/config.go:129.2,129.10 1 1
github.com/Zifeldev/emailback/internal/controllers/health.go:14.48,14.80 1 0
github.com/Zifeldev/emailback/internal/controllers/health.go:16.43,19.44 3 0
github.com/Zifeldev/emailback/internal/controllers/health.go:19.44,22.6 2 0
github.com/Zifeldev/emailback/internal/controllers/health.go:23.5,23.61 1 0
github.com/Zifeldev/emailback/internal/controllers/health.go:26.36,30.2 1 0
github.com/Zifeldev/emailback/internal/controllers/parserController.go:23.111,29.2 1 0
github.com/Zifeldev/emailback/internal/controllers/parserController.go:31.69,33.19 2 0
github.com/Zifeldev/emailback/internal/controllers/parserController.go:33.19,35.3 1 0
github.com/Zifeldev/emailback/internal/controllers/parserController.go:36.2,43.4 1 0
github.com/Zifeldev/emailback/internal/controllers/parserController.go:46.58,50.16 4 0
github.com/Zifeldev/emailback/internal/controllers/parserController.go:50.16,54.3 3 0
github.com/Zifeldev/emailback/internal/controllers/parserController.go:56.2,57.16 2 0
github.com/Zifeldev/emailback/internal/controllers/parserController.go:57.16,61.3 3 0
github.com/Zifeldev/emailback/internal/controllers/parserController.go:63.2,66.52 3 0
github.com/Zifeldev/emailback/internal/controllers/parserController.go:66.52,72.3 3 0
github.com/Zifeldev/emailback/internal/controllers/parserController.go:74.2,75.16 2 0
github.com/Zifeldev/emailback/internal/controllers/parserController.go:75.16,79.3 3 0
github.com/Zifeldev/emailback/internal/controllers/parserController.go:81.2,81.35 1 0
github.com/Zifeldev/emailback/internal/controllers/parserController.go:84.53,88.14 3 0
github.com/Zifeldev/emailback/internal/controllers/parserController.go:88.14,92.3 3 0
github.com/Zifeldev/emailback/internal/controllers/parserController.go:94.2,98.16 4 0
github.com/Zifeldev/emailback/internal/controllers/parserController.go:98.16,99.41 1 0
github.com/Zifeldev/emailback/internal/controllers/parserController.go:99.41,103.4 3 0
github.com/Zifeldev/emailback/internal/controllers/parserController.go:104.3,106.9 3 0
github.com/Zifeldev/emailback/internal/controllers/parserController.go:108.2,108.28 1 0
github.com/Zifeldev/emailback/internal/controllers/parserController.go:111.52,116.36 4 0
github.com/Zifeldev/emailback/internal/controllers/parserController.go:116.36,117.53 1 0
github.com/Zifeldev/emailback/internal/controllers/parserController.go:117.53,119.4 1 0
github.com/Zifeldev/emailback/internal/controllers/parserController.go:121.2,121.37 1 0
github.com/Zifeldev/emailback/internal/controllers/parserController.go:121.37,122.54 1 0
github.com/Zifeldev/emailback/internal/controllers/parserController.go:122.54,124.4 1 0
github.com/Zifeldev/emailback/internal/controllers/parserController.go:127.2,131.16 4 0
github.com/Zifeldev/emailback/internal/controllers/parserController.go:131.16,135.3 3 0
github.com/Zifeldev/emailback/internal/controllers/parserController.go:137.2,142.4 1 0
github.com/Zifeldev/emailback/internal/db/db.go:13.49,24.2 5 0
github.com/Zifeldev/emailback/internal/db/db.go:26.81,29.16 3 0
github.com/Zifeldev/emailback/internal/db/db.go:29.16,31.3 1 0
github.com/Zifeldev/emailback/internal/db/db.go:33.2,39.48 6 0
github.com/Zifeldev/emailback/internal/db/db.go:39.48,41.3 1 0
github.com/Zifeldev/emailback/internal/db/db.go:42.2,45.16 3 0
github.com/Zifeldev/emailback/internal/db/db.go:45.16,47.3 1 0
github.com/Zifeldev/emailback/internal/db/db.go:49.2,51.43 3 0
github.com/Zifeldev/emailback/internal/db/db.go:51.43,54.3 2 0
github.com/Zifeldev/emailback/internal/db/db.go:56.2,56.18 1 0
github.com/Zifeldev/emailback/internal/lang/clean.go:11.33,12.13 1 0
github.com/Zifeldev/emailback/internal/lang/clean.go:12.13,14.3 1 0
github.com/Zifeldev/emailback/internal/lang/clean.go:16.2,16.22 1 0
github.com/Zifeldev/emailback/internal/lang/clean.go:16.22,17.34 1 0
github.com/Zifeldev/emailback/internal/lang/clean.go:17.34,19.4 1 0
github.com/Zifeldev/emailback/internal/lang/clean.go:19.9,21.4 1 0
github.com/Zifeldev/emailback/internal/lang/clean.go:24.2,26.63 2 0
github.com/Zifeldev/emailback/internal/lang/clean.go:26.63,28.3 1 0
github.com/Zifeldev/emailback/internal/lang/clean.go:30.2,30.44 1 0
github.com/Zifeldev/emailback/internal/lang/clean.go:30.44,32.3 1 0
github.com/Zifeldev/emailback/internal/lang/clean.go:34.2,43.27 8 0
github.com/Zifeldev/emailback/internal/lang/clean.go:43.27,45.17 2 0
github.com/Zifeldev/emailback/internal/lang/clean.go:45.17,46.12 1 0
github.com/Zifeldev/emailback/internal/lang/clean.go:48.3,48.36 1 0
github.com/Zifeldev/emailback/internal/lang/clean.go:48.36,49.12 1 0
github.com/Zifeldev/emailback/internal/lang/clean.go:51.3,51.45 1 0
github.com/Zifeldev/emailback/internal/lang/clean.go:51.45,52.12 1 0
github.com/Zifeldev/emailback/internal/lang/clean.go:54.3,54.37 1 0
github.com/Zifeldev/emailback/internal/lang/clean.go:54.37,55.12 1 0
github.com/Zifeldev/emailback/internal/lang/clean.go:57.3,57.36 1 0
github.com/Zifeldev/emailback/internal/lang/clean.go:59.2,70.10 10 0
github.com/Zifeldev/emailback/internal/lang/clean.go:73.39,81.33 2 0
github.com/Zifeldev/emailback/internal/lang/clean.go:81.33,82.46 1 0
github.com/Zifeldev/emailback/internal/lang/clean.go:82.46,84.4 1 0
github.com/Zifeldev/emailback/internal/lang/clean.go:86.2,86.48 1 0
github.com/Zifeldev/emailback/internal/lang/clean.go:86.48,88.3 1 0
github.com/Zifeldev/emailback/internal/lang/clean.go:89.2,89.49 1 0
github.com/Zifeldev/emailback/internal/lang/clean.go:89.49,91.3 1 0
github.com/Zifeldev/emailback/internal/lang/clean.go:92.2,92.11 1 0
github.com/Zifeldev/emailback/internal/lang/clean.go:95.35,97.66 2 0
github.com/Zifeldev/emailback/internal/lang/clean.go:97.66,99.3 1 0
github.com/Zifeldev/emailback/internal/lang/clean.go:100.2,100.94 1 0
github.com/Zifeldev/emailback/internal/lang/clean.go:100.94,102.3 1 0
github.com/Zifeldev/emailback/internal/lang/clean.go:103.2,103.35 1 0
github.com/Zifeldev/emailback/internal/lang/clean.go:103.35,105.3 1 0
github.com/Zifeldev/emailback/internal/lang/clean.go:106.2,106.58 1 0
github.com/Zifeldev/emailback/internal/lang/clean.go:106.58,108.3 1 0
github.com/Zifeldev/emailback/internal/lang/clean.go:109.2,109.14 1 0
github.com/Zifeldev/emailback/internal/lang/clean.go:112.40,114.16 2 0
github.com/Zifeldev/emailback/internal/lang/clean.go:114.16,116.3 1 0
github.com/Zifeldev/emailback/internal/lang/clean.go:117.2,119.25 3 0
github.com/Zifeldev/emailback/internal/lang/clean.go:119.25,120.30 1 0
github.com/Zifeldev/emailback/internal/lang/clean.go:120.30,122.17 2 0
github.com/Zifeldev/emailback/internal/lang/clean.go:122.17,123.20 1 0
github.com/Zifeldev/emailback/internal/lang/clean.go:123.20,125.37 2 0
github.com/Zifeldev/emailback/internal/lang/clean.go:125.37,127.7 1 0
github.com/Zifeldev/emailback/internal/lang/clean.go:129.5,129.23 1 0
github.com/Zifeldev/emailback/internal/lang/clean.go:131.4,131.10 1 0
github.com/Zifeldev/emailback/internal/lang/clean.go:133.3,133.33 1 0
github.com/Zifeldev/emailback/internal/lang/clean.go:133.33,135.28 2 0
github.com/Zifeldev/emailback/internal/lang/clean.go:135.28,137.5 1 0
github.com/Zifeldev/emailback/internal/lang/clean.go:138.4,138.55 1 0
github.com/Zifeldev/emailback/internal/lang/clean.go:138.55,140.5 1 0
github.com/Zifeldev/emailback/internal/lang/clean.go:141.4,141.28 1 0
github.com/Zifeldev/emailback/internal/lang/clean.go:141.28,143.5 1 0
github.com/Zifeldev/emailback/internal/lang/clean.go:146.2,152.12 7 0
github.com/Zifeldev/emailback/internal/lang/clean.go:155.41,161.2 5 0
github.com/Zifeldev/emailback/internal/lang/clean.go:163.38,164.30 1 0
github.com/Zifeldev/emailback/internal/lang/clean.go:165.129,166.14 1 0
github.com/Zifeldev/emailback/internal/lang/clean.go:167.10,168.15 1 0
github.com/Zifeldev/emailback/internal/lang/clean.go:200.38,201.13 1 0
github.com/Zifeldev/emailback/internal/lang/clean.go:201.13,203.3 1 0
github.com/Zifeldev/emailback/internal/lang/clean.go:204.2,207.23 4 0
github.com/Zifeldev/emailback/internal/lang/clean.go:207.23,208.50 1 0
github.com/Zifeldev/emailback/internal/lang/clean.go:208.50,210.9 2 0
github.com/Zifeldev/emailback/internal/lang/clean.go:213.2,213.35 1 0
github.com/Zifeldev/emailback/internal/lang/clean.go:213.35,214.54 1 0
github.com/Zifeldev/emailback/internal/lang/clean.go:214.54,216.9 2 0
github.com/Zifeldev/emailback/internal/lang/clean.go:219.2,219.18 1 0
github.com/Zifeldev/emailback/internal/lang/clean.go:219.18,221.3 1 0
github.com/Zifeldev/emailback/internal/lang/clean.go:222.2,222.48 1 0
github.com/Zifeldev/emailback/internal/lang/detector.go:18.60,19.21 1 0
github.com/Zifeldev/emailback/internal/lang/detector.go:19.21,25.3 1 0
github.com/Zifeldev/emailback/internal/lang/detector.go:26.2,30.51 2 0
github.com/Zifeldev/emailback/internal/lang/detector.go:33.70,35.19 2 0
github.com/Zifeldev/emailback/internal/lang/detector.go:35.19,37.3 1 0
github.com/Zifeldev/emailback/internal/lang/detector.go:39.2,40.9 2 0
github.com/Zifeldev/emailback/internal/lang/detector.go:40.9,42.3 1 0
github.com/Zifeldev/emailback/internal/lang/detector.go:45.2,50.35 4 0
github.com/Zifeldev/emailback/internal/lang/detector.go:50.35,52.3 1 0
github.com/Zifeldev/emailback/internal/lang/detector.go:55.2,55.18 1 0
github.com/Zifeldev/emailback/internal/lang/detector.go:56.22,57.27 1 0
github.com/Zifeldev/emailback/internal/lang/detector.go:58.22,59.27 1 0
github.com/Zifeldev/emailback/internal/lang/detector.go:60.21,61.27 1 0
github.com/Zifeldev/emailback/internal/lang/detector.go:62.10,63.57 1 0
github.com/Zifeldev/emailback/internal/lang/detector.go:67.67,68.29 1 0
github.com/Zifeldev/emailback/internal/lang/detector.go:69.35,70.27 1 0
github.com/Zifeldev/emailback/internal/lang/detector.go:70.27,72.4 1 0
github.com/Zifeldev/emailback/internal/lang/detector.go:73.50,74.27 1 0
github.com/Zifeldev/emailback/internal/lang/detector.go:74.27,78.39 3 0
github.com/Zifeldev/emailback/internal/lang/detector.go:78.39,80.5 1 0
github.com/Zifeldev/emailback/internal/lang/detector.go:81.4,81.39 1 0
github.com/Zifeldev/emailback/internal/lang/detector.go:81.39,83.5 1 0
github.com/Zifeldev/emailback/internal/lang/detector.go:84.4,84.37 1 0
github.com/Zifeldev/emailback/internal/lang/detector.go:84.37,86.5 1 0
github.com/Zifeldev/emailback/internal/lang/detector.go:89.2,89.10 1 0
github.com/Zifeldev/emailback/internal/logger/logger.go:13.20,17.25 3 0
github.com/Zifeldev/emailback/internal/logger/logger.go:17.25,27.3 1 0
github.com/Zifeldev/emailback/internal/logger/logger.go:27.8,32.3 1 0
github.com/Zifeldev/emailback/internal/logger/logger.go:34.2,35.17 2 0
github.com/Zifeldev/emailback/internal/logger/logger.go:35.17,37.3 1 0
github.com/Zifeldev/emailback/internal/logger/logger.go:38.2,38.54 1 0
github.com/Zifeldev/emailback/internal/logger/logger.go:38.54,40.3 1 0
github.com/Zifeldev/emailback/internal/logger/logger.go:42.2,43.29 2 0
github.com/Zifeldev/emailback/internal/metrics/metrics.go:26.24,30.2 3 0
github.com/Zifeldev/emailback/internal/middleware/loggerMiddleware.go:22.48,25.2 2 0
github.com/Zifeldev/emailback/internal/middleware/loggerMiddleware.go:27.55,28.19 1 0
github.com/Zifeldev/emailback/internal/middleware/loggerMiddleware.go:28.19,30.3 1 0
github.com/Zifeldev/emailback/internal/middleware/loggerMiddleware.go:31.2,33.15 3 0
github.com/Zifeldev/emailback/internal/middleware/loggerMiddleware.go:48.45,49.52 1 0
github.com/Zifeldev/emailback/internal/middleware/loggerMiddleware.go:49.52,51.3 1 0
github.com/Zifeldev/emailback/internal/middleware/loggerMiddleware.go:52.2,52.11 1 0
github.com/Zifeldev/emailback/internal/middleware/loggerMiddleware.go:55.59,56.30 1 0
github.com/Zifeldev/emailback/internal/middleware/loggerMiddleware.go:56.30,65.54 7 0
github.com/Zifeldev/emailback/internal/middleware/loggerMiddleware.go:65.54,67.4 1 0
github.com/Zifeldev/emailback/internal/middleware/loggerMiddleware.go:68.3,82.20 3 0
github.com/Zifeldev/emailback/internal/middleware/loggerMiddleware.go:82.20,84.4 1 0
github.com/Zifeldev/emailback/internal/middleware/loggerMiddleware.go:84.9,84.27 1 0
github.com/Zifeldev/emailback/internal/middleware/loggerMiddleware.go:84.27,86.4 1 0
github.com/Zifeldev/emailback/internal/middleware/loggerMiddleware.go:86.9,88.4 1 0
github.com/Zifeldev/emailback/internal/middleware/loggerMiddleware.go:92.56,93.30 1 0
github.com/Zifeldev/emailback/internal/middleware/loggerMiddleware.go:93.30,95.20 2 0
github.com/Zifeldev/emailback/internal/middleware/loggerMiddleware.go:95.20,97.4 1 0
github.com/Zifeldev/emailback/internal/middleware/loggerMiddleware.go:98.3,98.20 1 0
github.com/Zifeldev/emailback/internal/middleware/loggerMiddleware.go:98.20,100.4 1 0
github.com/Zifeldev/emailback/internal/middleware/loggerMiddleware.go:101.3,101.20 1 0
github.com/Zifeldev/emailback/internal/middleware/loggerMiddleware.go:101.20,103.4 1 0
github.com/Zifeldev/emailback/internal/middleware/loggerMiddleware.go:105.3,111.11 5 0
github.com/Zifeldev/emailback/internal/middleware/loggerMiddleware.go:115.61,116.72 1 0
github.com/Zifeldev/emailback/internal/middleware/loggerMiddleware.go:116.72,132.16 7 0
github.com/Zifeldev/emailback/internal/middleware/loggerMiddleware.go:132.16,134.4 1 0
github.com/Zifeldev/emailback/internal/middleware/loggerMiddleware.go:136.3,136.15 1 0
github.com/Zifeldev/emailback/internal/middleware/loggerMiddleware.go:136.15,140.4 3 0
github.com/Zifeldev/emailback/internal/middleware/loggerMiddleware.go:142.3,147.5 3 0
github.com/Zifeldev/emailback/internal/repository/emailRepo.go:40.66,42.2 1 0
github.com/Zifeldev/emailback/internal/repository/emailRepo.go:46.86,48.16 2 0
github.com/Zifeldev/emailback/internal/repository/emailRepo.go:48.16,50.3 1 0
github.com/Zifeldev/emailback/internal/repository/emailRepo.go:51.2,52.16 2 0
github.com/Zifeldev/emailback/internal/repository/emailRepo.go:52.16,54.3 1 0
github.com/Zifeldev/emailback/internal/repository/emailRepo.go:56.2,79.12 2 0
github.com/Zifeldev/emailback/internal/repository/emailRepo.go:82.91,101.16 9 0
github.com/Zifeldev/emailback/internal/repository/emailRepo.go:101.16,102.36 1 0
github.com/Zifeldev/emailback/internal/repository/emailRepo.go:102.36,104.4 1 0
github.com/Zifeldev/emailback/internal/repository/emailRepo.go:105.3,105.18 1 0
github.com/Zifeldev/emailback/internal/repository/emailRepo.go:108.2,108.24 1 0
github.com/Zifeldev/emailback/internal/repository/emailRepo.go:108.24,110.3 1 0
github.com/Zifeldev/emailback/internal/repository/emailRepo.go:111.2,112.21 2 0
github.com/Zifeldev/emailback/internal/repository/emailRepo.go:112.21,114.3 1 0
github.com/Zifeldev/emailback/internal/repository/emailRepo.go:114.8,116.3 1 0
github.com/Zifeldev/emailback/internal/repository/emailRepo.go:117.2,117.26 1 0
github.com/Zifeldev/emailback/internal/repository/emailRepo.go:117.26,119.57 2 0
github.com/Zifeldev/emailback/internal/repository/emailRepo.go:119.57,121.4 1 0
github.com/Zifeldev/emailback/internal/repository/emailRepo.go:123.2,123.26 1 0
github.com/Zifeldev/emailback/internal/repository/emailRepo.go:123.26,125.57 2 0
github.com/Zifeldev/emailback/internal/repository/emailRepo.go:125.57,127.4 1 0
github.com/Zifeldev/emailback/internal/repository/emailRepo.go:129.2,129.20 1 0
github.com/Zifeldev/emailback/internal/repository/emailRepo.go:132.100,133.16 1 0
github.com/Zifeldev/emailback/internal/repository/emailRepo.go:133.16,135.3 1 0
github.com/Zifeldev/emailback/internal/repository/emailRepo.go:136.2,143.16 2 0
github.com/Zifeldev/emailback/internal/repository/emailRepo.go:143.16,145.3 1 0
github.com/Zifeldev/emailback/internal/repository/emailRepo.go:146.2,149.18 3 0
github.com/Zifeldev/emailback/internal/repository/emailRepo.go:149.18,160.17 7 0
github.com/Zifeldev/emailback/internal/repository/emailRepo.go:160.17,162.4 1 0
github.com/Zifeldev/emailback/internal/repository/emailRepo.go:163.3,163.25 1 0
github.com/Zifeldev/emailback/internal/repository/emailRepo.go:163.25,165.4 1 0
github.com/Zifeldev/emailback/internal/repository/emailRepo.go:166.3,167.22 2 0
github.com/Zifeldev/emailback/internal/repository/emailRepo.go:167.22,169.4 1 0
github.com/Zifeldev/emailback/internal/repository/emailRepo.go:170.3,170.27 1 0
github.com/Zifeldev/emailback/internal/repository/emailRepo.go:170.27,172.58 2 0
github.com/Zifeldev/emailback/internal/repository/emailRepo.go:172.58,174.5 1 0
github.com/Zifeldev/emailback/internal/repository/emailRepo.go:176.3,176.27 1 0
github.com/Zifeldev/emailback/internal/repository/emailRepo.go:176.27,178.58 2 0
github.com/Zifeldev/emailback/internal/repository/emailRepo.go:178.58,180.5 1 0
github.com/Zifeldev/emailback/internal/repository/emailRepo.go:182.3,182.24 1 0
github.com/Zifeldev/emailback/internal/repository/emailRepo.go:184.2,184.23 1 0
github.com/Zifeldev/emailback/internal/repository/emailRepo.go:184.23,186.3 1 0
github.com/Zifeldev/emailback/internal/repository/emailRepo.go:187.2,187.17 1 0
github.com/Zifeldev/emailback/internal/service/parser.go:33.74,34.31 1 0
github.com/Zifeldev/emailback/internal/service/parser.go:34.31,36.3 1 0
github.com/Zifeldev/emailback/internal/service/parser.go:37.2,37.54 1 0
github.com/Zifeldev/emailback/internal/service/parser.go:40.94,43.16 3 0
github.com/Zifeldev/emailback/internal/service/parser.go:43.16,46.3 2 0
github.com/Zifeldev/emailback/internal/service/parser.go:49.2,50.21 2 0
github.com/Zifeldev/emailback/internal/service/parser.go:50.21,51.40 1 0
github.com/Zifeldev/emailback/internal/service/parser.go:51.40,52.22 1 0
github.com/Zifeldev/emailback/internal/service/parser.go:52.22,53.13 1 0
github.com/Zifeldev/emailback/internal/service/parser.go:55.4,55.58 1 0
github.com/Zifeldev/emailback/internal/service/parser.go:59.2,61.17 3 0
github.com/Zifeldev/emailback/internal/service/parser.go:61.17,63.3 1 0
github.com/Zifeldev/emailback/internal/service/parser.go:66.2,68.19 3 0
github.com/Zifeldev/emailback/internal/service/parser.go:68.19,69.74 1 0
github.com/Zifeldev/emailback/internal/service/parser.go:69.74,71.4 1 0
github.com/Zifeldev/emailback/internal/service/parser.go:74.2,75.16 2 0
github.com/Zifeldev/emailback/internal/service/parser.go:75.16,76.74 1 0
github.com/Zifeldev/emailback/internal/service/parser.go:76.74,78.4 1 0
github.com/Zifeldev/emailback/internal/service/parser.go:79.8,80.52 1 0
github.com/Zifeldev/emailback/internal/service/parser.go:80.52,82.4 1 0
github.com/Zifeldev/emailback/internal/service/parser.go:85.2,86.54 2 0
github.com/Zifeldev/emailback/internal/service/parser.go:86.54,87.26 1 0
github.com/Zifeldev/emailback/internal/service/parser.go:87.26,88.58 1 0
github.com/Zifeldev/emailback/internal/service/parser.go:88.58,89.29 1 0
github.com/Zifeldev/emailback/internal/service/parser.go:89.29,91.6 1 0
github.com/Zifeldev/emailback/internal/service/parser.go:96.2,97.43 2 0
github.com/Zifeldev/emailback/internal/service/parser.go:97.43,98.48 1 0
github.com/Zifeldev/emailback/internal/service/parser.go:98.48,100.4 1 0
github.com/Zifeldev/emailback/internal/service/parser.go:103.2,104.34 2 0
github.com/Zifeldev/emailback/internal/service/parser.go:104.34,106.3 1 0
github.com/Zifeldev/emailback/internal/service/parser.go:109.2,114.57 4 0
github.com/Zifeldev/emailback/internal/service/parser.go:114.57,115.53 1 0
github.com/Zifeldev/emailback/internal/service/parser.go:115.53,118.4 2 0
github.com/Zifeldev/emailback/internal/service/parser.go:118.9,121.4 2 0
github.com/Zifeldev/emailback/internal/service/parser.go:125.2,126.36 2 0
github.com/Zifeldev/emailback/internal/service/parser.go:126.36,133.3 2 0
github.com/Zifeldev/emailback/internal/service/parser.go:136.2,165.20 5 0
github.com/Zifeldev/emailback/internal/service/parser.go:168.49,169.13 1 0
github.com/Zifeldev/emailback/internal/service/parser.go:169.13,171.3 1 0
github.com/Zifeldev/emailback/internal/service/parser.go:172.2,172.11 1 0
github.com/Zifeldev/emailback/internal/service/parser.go:175.31,176.39 1 0
github.com/Zifeldev/emailback/internal/service/parser.go:176.39,178.3 1 0
github.com/Zifeldev/emailback/internal/service/parser.go:179.2,180.38 2 0
github.com/Zifeldev/emailback/internal/service/parser.go:180.38,181.14 1 0
github.com/Zifeldev/emailback/internal/service/parser.go:181.14,183.4 1 0
github.com/Zifeldev/emailback/internal/service/parser.go:185.2,185.10 1 0
github.com/Zifeldev/emailback/internal/service/parser.go:188.30,189.13 1 0
github.com/Zifeldev/emailback/internal/service/parser.go:189.13,191.3 1 0
github.com/Zifeldev/emailback/internal/service/parser.go:192.2,192.35 1 0
github.com/Zifeldev/emailback/internal/repository/emailRepo.go:40.66,42.2 1 0
github.com/Zifeldev/emailback/internal/repository/emailRepo.go:46.86,48.16 2 0
github.com/Zifeldev/emailback/internal/repository/emailRepo.go:48.16,50.3 1 0
github.com/Zifeldev/emailback/internal/repository/emailRepo.go:51.2,52.16 2 0
github.com/Zifeldev/emailback/internal/repository/emailRepo.go:52.16,54.3 1 0
github.com/Zifeldev/emailback/internal/repository/emailRepo.go:56.2,79.12 2 0
github.com/Zifeldev/emailback/internal/repository/emailRepo.go:82.91,101.16 9 0
github.com/Zifeldev/emailback/internal/repository/emailRepo.go:101.16,102.36 1 0
github.com/Zifeldev/emailback/internal/repository/emailRepo.go:102.36,104.4 1 0
github.com/Zifeldev/emailback/internal/repository/emailRepo.go:105.3,105.18 1 0
github.com/Zifeldev/emailback/internal/repository/emailRepo.go:108.2,108.24 1 0
github.com/Zifeldev/emailback/internal/repository/emailRepo.go:108.24,110.3 1 0
github.com/Zifeldev/emailback/internal/repository/emailRepo.go:111.2,112.21 2 0
github.com/Zifeldev/emailback/internal/repository/emailRepo.go:112.21,114.3 1 0
github.com/Zifeldev/emailback/internal/repository/emailRepo.go:114.8,116.3 1 0
github.com/Zifeldev/emailback/internal/repository/emailRepo.go:117.2,117.26 1 0
github.com/Zifeldev/emailback/internal/repository/emailRepo.go:117.26,119.57 2 0
github.com/Zifeldev/emailback/internal/repository/emailRepo.go:119.57,121.4 1 0
github.com/Zifeldev/emailback/internal/repository/emailRepo.go:123.2,123.26 1 0
github.com/Zifeldev/emailback/internal/repository/emailRepo.go:123.26,125.57 2 0
github.com/Zifeldev/emailback/internal/repository/emailRepo.go:125.57,127.4 1 0
github.com/Zifeldev/emailback/internal/repository/emailRepo.go:129.2,129.20 1 0
github.com/Zifeldev/emailback/internal/repository/emailRepo.go:132.100,133.16 1 0
github.com/Zifeldev/emailback/internal/repository/emailRepo.go:133.16,135.3 1 0
github.com/Zifeldev/emailback/internal/repository/emailRepo.go:136.2,143.16 2 0
github.com/Zifeldev/emailback/internal/repository/emailRepo.go:143.16,145.3 1 0
github.com/Zifeldev/emailback/internal/repository/emailRepo.go:146.2,149.18 3 0
github.com/Zifeldev/emailback/internal/repository/emailRepo.go:149.18,160.17 7 0
github.com/Zifeldev/emailback/internal/repository/emailRepo.go:160.17,162.4 1 0
github.com/Zifeldev/emailback/internal/repository/emailRepo.go:163.3,163.25 1 0
github.com/Zifeldev/emailback/internal/repository/emailRepo.go:163.25,165.4 1 0
github.com/Zifeldev/emailback/internal/repository/emailRepo.go:166.3,167.22 2 0
github.com/Zifeldev/emailback/internal/repository/emailRepo.go:167.22,169.4 1 0
github.com/Zifeldev/emailback/internal/repository/emailRepo.go:170.3,170.27 1 0
github.com/Zifeldev/emailback/internal/repository/emailRepo.go:170.27,172.58 2 0
github.com/Zifeldev/emailback/internal/repository/emailRepo.go:172.58,174.5 1 0
github.com/Zifeldev/emailback/internal/repository/emailRepo.go:176.3,176.27 1 0
github.com/Zifeldev/emailback/internal/repository/emailRepo.go:176.27,178.58 2 0
github.com/Zifeldev/emailback/internal/repository/emailRepo.go:178.58,180.5 1 0
github.com/Zifeldev/emailback/internal/repository/emailRepo.go:182.3,182.24 1 0
github.com/Zifeldev/emailback/internal/repository/emailRepo.go:184.2,184.23 1 0
github.com/Zifeldev/emailback/internal/repository/emailRepo.go:184.23,186.3 1 0
github.com/Zifeldev/emailback/internal/repository/emailRepo.go:187.2,187.17 1 0
github.com/Zifeldev/emailback/cmd/main.go:25.13,37.65 5 0
github.com/Zifeldev/emailback/cmd/main.go:37.65,39.3 1 0
github.com/Zifeldev/emailback/cmd/main.go:41.2,42.16 2 0
github.com/Zifeldev/emailback/cmd/main.go:42.16,44.3 1 0
github.com/Zifeldev/emailback/cmd/main.go:45.2,70.33 18 0
github.com/Zifeldev/emailback/cmd/main.go:70.33,72.3 1 0
github.com/Zifeldev/emailback/cmd/main.go:74.2,83.32 2 0
github.com/Zifeldev/emailback/cmd/main.go:83.32,85.3 1 0
github.com/Zifeldev/emailback/cmd/main.go:87.2,87.12 1 0
github.com/Zifeldev/emailback/cmd/main.go:87.12,89.77 2 0
github.com/Zifeldev/emailback/cmd/main.go:89.77,91.4 1 0
github.com/Zifeldev/emailback/cmd/main.go:93.2,102.50 8 0
github.com/Zifeldev/emailback/cmd/main.go:102.50,104.3 1 0
github.com/Zifeldev/emailback/cmd/main.go:104.8,106.3 1 0
github.com/Zifeldev/emailback/internal/config/config.go:42.41,50.16 4 0
github.com/Zifeldev/emailback/internal/config/config.go:50.16,64.3 1 0
github.com/Zifeldev/emailback/internal/config/config.go:64.8,78.3 1 0
github.com/Zifeldev/emailback/internal/config/config.go:79.2,82.12 2 0
github.com/Zifeldev/emailback/internal/config/config.go:85.37,86.36 1 0
github.com/Zifeldev/emailback/internal/config/config.go:86.36,88.3 1 0
github.com/Zifeldev/emailback/internal/config/config.go:89.2,89.12 1 0
github.com/Zifeldev/emailback/internal/config/config.go:91.44,92.36 1 0
github.com/Zifeldev/emailback/internal/config/config.go:92.36,94.17 2 0
github.com/Zifeldev/emailback/internal/config/config.go:94.17,96.4 1 0
github.com/Zifeldev/emailback/internal/config/config.go:98.2,98.12 1 0
github.com/Zifeldev/emailback/internal/config/config.go:100.41,101.36 1 0
github.com/Zifeldev/emailback/internal/config/config.go:101.36,102.44 1 0
github.com/Zifeldev/emailback/internal/config/config.go:102.44,104.4 1 0
github.com/Zifeldev/emailback/internal/config/config.go:106.2,106.12 1 0
github.com/Zifeldev/emailback/internal/config/config.go:108.66,109.36 1 0
github.com/Zifeldev/emailback/internal/config/config.go:109.36,110.50 1 0
github.com/Zifeldev/emailback/internal/config/config.go:110.50,112.4 1 0
github.com/Zifeldev/emailback/internal/config/config.go:114.2,114.12 1 0
github.com/Zifeldev/emailback/internal/config/config.go:117.33,118.47 1 0
github.com/Zifeldev/emailback/internal/config/config.go:118.47,120.3 1 0
github.com/Zifeldev/emailback/internal/config/config.go:121.2,121.51 1 0
github.com/Zifeldev/emailback/internal/config/config.go:123.33,126.16 3 0
github.com/Zifeldev/emailback/internal/config/config.go:126.16,127.56 1 0
github.com/Zifeldev/emailback/internal/config/config.go:129.2,129.10 1 0
github.com/Zifeldev/emailback/internal/controllers/health.go:14.48,14.80 1 0
github.com/Zifeldev/emailback/internal/controllers/health.go:16.43,19.44 3 0
github.com/Zifeldev/emailback/internal/controllers/health.go:19.44,22.6 2 0
github.com/Zifeldev/emailback/internal/controllers/health.go:23.5,23.61 1 0
github.com/Zifeldev/emailback/internal/controllers/health.go:26.36,30.2 1 0
github.com/Zifeldev/emailback/internal/controllers/parserController.go:23.111,29.2 1 0
github.com/Zifeldev/emailback/internal/controllers/parserController.go:31.69,33.19 2 0
github.com/Zifeldev/emailback/internal/controllers/parserController.go:33.19,35.3 1 0
github.com/Zifeldev/emailback/internal/controllers/parserController.go:36.2,43.4 1 0
github.com/Zifeldev/emailback/internal/controllers/parserController.go:46.58,50.16 4 0
github.com/Zifeldev/emailback/internal/controllers/parserController.go:50.16,54.3 3 0
github.com/Zifeldev/emailback/internal/controllers/parserController.go:56.2,57.16 2 0
github.com/Zifeldev/emailback/internal/controllers/parserController.go:57.16,61.3 3 0
github.com/Zifeldev/emailback/internal/controllers/parserController.go:63.2,66.52 3 0
github.com/Zifeldev/emailback/internal/controllers/parserController.go:66.52,72.3 3 0
github.com/Zifeldev/emailback/internal/controllers/parserController.go:74.2,75.16 2 0
github.com/Zifeldev/emailback/internal/controllers/parserController.go:75.16,79.3 3 0
github.com/Zifeldev/emailback/internal/controllers/parserController.go:81.2,81.35 1 0
github.com/Zifeldev/emailback/internal/controllers/parserController.go:84.53,88.14 3 0
github.com/Zifeldev/emailback/internal/controllers/parserController.go:88.14,92.3 3 0
github.com/Zifeldev/emailback/internal/controllers/parserController.go:94.2,98.16 4 0
github.com/Zifeldev/emailback/internal/controllers/parserController.go:98.16,99.41 1 0
github.com/Zifeldev/emailback/internal/controllers/parserController.go:99.41,103.4 3 0
github.com/Zifeldev/emailback/internal/controllers/parserController.go:104.3,106.9 3 0
github.com/Zifeldev/emailback/internal/controllers/parserController.go:108.2,108.28 1 0
github.com/Zifeldev/emailback/internal/controllers/parserController.go:111.52,116.36 4 0
github.com/Zifeldev/emailback/internal/controllers/parserController.go:116.36,117.53 1 0
github.com/Zifeldev/emailback/internal/controllers/parserController.go:117.53,119.4 1 0
github.com/Zifeldev/emailback/internal/controllers/parserController.go:121.2,121.37 1 0
github.com/Zifeldev/emailback/internal/controllers/parserController.go:121.37,122.54 1 0
github.com/Zifeldev/emailback/internal/controllers/parserController.go:122.54,124.4 1 0
github.com/Zifeldev/emailback/internal/controllers/parserController.go:127.2,131.16 4 0
github.com/Zifeldev/emailback/internal/controllers/parserController.go:131.16,135.3 3 0
github.com/Zifeldev/emailback/internal/controllers/parserController.go:137.2,142.4 1 0
github.com/Zifeldev/emailback/internal/db/db.go:13.49,24.2 5 1
github.com/Zifeldev/emailback/internal/db/db.go:26.81,29.16 3 1
github.com/Zifeldev/emailback/internal/db/db.go:29.16,31.3 1 0
github.com/Zifeldev/emailback/internal/db/db.go:33.2,39.48 6 1
github.com/Zifeldev/emailback/internal/db/db.go:39.48,41.3 1 0
github.com/Zifeldev/emailback/internal/db/db.go:42.2,45.16 3 1
github.com/Zifeldev/emailback/internal/db/db.go:45.16,47.3 1 1
github.com/Zifeldev/emailback/internal/db/db.go:49.2,51.43 3 0
github.com/Zifeldev/emailback/internal/db/db.go:51.43,54.3 2 0
github.com/Zifeldev/emailback/internal/db/db.go:56.2,56.18 1 0
github.com/Zifeldev/emailback/internal/lang/clean.go:11.33,12.13 1 0
github.com/Zifeldev/emailback/internal/lang/clean.go:12.13,14.3 1 0
github.com/Zifeldev/emailback/internal/lang/clean.go:16.2,16.22 1 0
github.com/Zifeldev/emailback/internal/lang/clean.go:16.22,17.34 1 0
github.com/Zifeldev/emailback/internal/lang/clean.go:17.34,19.4 1 0
github.com/Zifeldev/emailback/internal/lang/clean.go:19.9,21.4 1 0
github.com/Zifeldev/emailback/internal/lang/clean.go:24.2,26.63 2 0
github.com/Zifeldev/emailback/internal/lang/clean.go:26.63,28.3 1 0
github.com/Zifeldev/emailback/internal/lang/clean.go:30.2,30.44 1 0
github.com/Zifeldev/emailback/internal/lang/clean.go:30.44,32.3 1 0
github.com/Zifeldev/emailback/internal/lang/clean.go:34.2,43.27 8 0
github.com/Zifeldev/emailback/internal/lang/clean.go:43.27,45.17 2 0
github.com/Zifeldev/emailback/internal/lang/clean.go:45.17,46.12 1 0
github.com/Zifeldev/emailback/internal/lang/clean.go:48.3,48.36 1 0
github.com/Zifeldev/emailback/internal/lang/clean.go:48.36,49.12 1 0
github.com/Zifeldev/emailback/internal/lang/clean.go:51.3,51.45 1 0
github.com/Zifeldev/emailback/internal/lang/clean.go:51.45,52.12 1 0
github.com/Zifeldev/emailback/internal/lang/clean.go:54.3,54.37 1 0
github.com/Zifeldev/emailback/internal/lang/clean.go:54.37,55.12 1 0
github.com/Zifeldev/emailback/internal/lang/clean.go:57.3,57.36 1 0
github.com/Zifeldev/emailback/internal/lang/clean.go:59.2,70.10 10 0
github.com/Zifeldev/emailback/internal/lang/clean.go:73.39,81.33 2 0
github.com/Zifeldev/emailback/internal/lang/clean.go:81.33,82.46 1 0
github.com/Zifeldev/emailback/internal/lang/clean.go:82.46,84.4 1 0
github.com/Zifeldev/emailback/internal/lang/clean.go:86.2,86.48 1 0
github.com/Zifeldev/emailback/internal/lang/clean.go:86.48,88.3 1 0
github.com/Zifeldev/emailback/internal/lang/clean.go:89.2,89.49 1 0
github.com/Zifeldev/emailback/internal/lang/clean.go:89.49,91.3 1 0
github.com/Zifeldev/emailback/internal/lang/clean.go:92.2,92.11 1 0
github.com/Zifeldev/emailback/internal/lang/clean.go:95.35,97.66 2 0
github.com/Zifeldev/emailback/internal/lang/clean.go:97.66,99.3 1 0
github.com/Zifeldev/emailback/internal/lang/clean.go:100.2,100.94 1 0
github.com/Zifeldev/emailback/internal/lang/clean.go:100.94,102.3 1 0
github.com/Zifeldev/emailback/internal/lang/clean.go:103.2,103.35 1 0
github.com/Zifeldev/emailback/internal/lang/clean.go:103.35,105.3 1 0
github.com/Zifeldev/emailback/internal/lang/clean.go:106.2,106.58 1 0
github.com/Zifeldev/emailback/internal/lang/clean.go:106.58,108.3 1 0
github.com/Zifeldev/emailback/internal/lang/clean.go:109.2,109.14 1 0
github.com/Zifeldev/emailback/internal/lang/clean.go:112.40,114.16 2 0
github.com/Zifeldev/emailback/internal/lang/clean.go:114.16,116.3 1 0
github.com/Zifeldev/emailback/internal/lang/clean.go:117.2,119.25 3 0
github.com/Zifeldev/emailback/internal/lang/clean.go:119.25,120.30 1 0
github.com/Zifeldev/emailback/internal/lang/clean.go:120.30,122.17 2 0
github.com/Zifeldev/emailback/internal/lang/clean.go:122.17,123.20 1 0
github.com/Zifeldev/emailback/internal/lang/clean.go:123.20,125.37 2 0
github.com/Zifeldev/emailback/internal/lang/clean.go:125.37,127.7 1 0
github.com/Zifeldev/emailback/internal/lang/clean.go:129.5,129.23 1 0
github.com/Zifeldev/emailback/internal/lang/clean.go:131.4,131.10 1 0
github.com/Zifeldev/emailback/internal/lang/clean.go:133.3,133.33 1 0
github.com/Zifeldev/emailback/internal/lang/clean.go:133.33,135.28 2 0
github.com/Zifeldev/emailback/internal/lang/clean.go:135.28,137.5 1 0
github.com/Zifeldev/emailback/internal/lang/clean.go:138.4,138.55 1 0
github.com/Zifeldev/emailback/internal/lang/clean.go:138.55,140.5 1 0
github.com/Zifeldev/emailback/internal/lang/clean.go:141.4,141.28 1 0
github.com/Zifeldev/emailback/internal/lang/clean.go:141.28,143.5 1 0
github.com/Zifeldev/emailback/internal/lang/clean.go:146.2,152.12 7 0
github.com/Zifeldev/emailback/internal/lang/clean.go:155.41,161.2 5 0
github.com/Zifeldev/emailback/internal/lang/clean.go:163.38,164.30 1 0
github.com/Zifeldev/emailback/internal/lang/clean.go:165.129,166.14 1 0
github.com/Zifeldev/emailback/internal/lang/clean.go:167.10,168.15 1 0
github.com/Zifeldev/emailback/internal/lang/clean.go:200.38,201.13 1 0
github.com/Zifeldev/emailback/internal/lang/clean.go:201.13,203.3 1 0
github.com/Zifeldev/emailback/internal/lang/clean.go:204.2,207.23 4 0
github.com/Zifeldev/emailback/internal/lang/clean.go:207.23,208.50 1 0
github.com/Zifeldev/emailback/internal/lang/clean.go:208.50,210.9 2 0
github.com/Zifeldev/emailback/internal/lang/clean.go:213.2,213.35 1 0
github.com/Zifeldev/emailback/internal/lang/clean.go:213.35,214.54 1 0
github.com/Zifeldev/emailback/internal/lang/clean.go:214.54,216.9 2 0
github.com/Zifeldev/emailback/internal/lang/clean.go:219.2,219.18 1 0
github.com/Zifeldev/emailback/internal/lang/clean.go:219.18,221.3 1 0
github.com/Zifeldev/emailback/internal/lang/clean.go:222.2,222.48 1 0
github.com/Zifeldev/emailback/internal/lang/detector.go:18.60,19.21 1 0
github.com/Zifeldev/emailback/internal/lang/detector.go:19.21,25.3 1 0
github.com/Zifeldev/emailback/internal/lang/detector.go:26.2,30.51 2 0
github.com/Zifeldev/emailback/internal/lang/detector.go:33.70,35.19 2 0
github.com/Zifeldev/emailback/internal/lang/detector.go:35.19,37.3 1 0
github.com/Zifeldev/emailback/internal/lang/detector.go:39.2,40.9 2 0
github.com/Zifeldev/emailback/internal/lang/detector.go:40.9,42.3 1 0
github.com/Zifeldev/emailback/internal/lang/detector.go:45.2,50.35 4 0
github.com/Zifeldev/emailback/internal/lang/detector.go:50.35,52.3 1 0
github.com/Zifeldev/emailback/internal/lang/detector.go:55.2,55.18 1 0
github.com/Zifeldev/emailback/internal/lang/detector.go:56.22,57.27 1 0
github.com/Zifeldev/emailback/internal/lang/detector.go:58.22,59.27 1 0
github.com/Zifeldev/emailback/internal/lang/detector.go:60.21,61.27 1 0
github.com/Zifeldev/emailback/internal/lang/detector.go:62.10,63.57 1 0
github.com/Zifeldev/emailback/internal/lang/detector.go:67.67,68.29 1 0
github.com/Zifeldev/emailback/internal/lang/detector.go:69.35,70.27 1 0
github.com/Zifeldev/emailback/internal/lang/detector.go:70.27,72.4 1 0
github.com/Zifeldev/emailback/internal/lang/detector.go:73.50,74.27 1 0
github.com/Zifeldev/emailback/internal/lang/detector.go:74.27,78.39 3 0
github.com/Zifeldev/emailback/internal/lang/detector.go:78.39,80.5 1 0
github.com/Zifeldev/emailback/internal/lang/detector.go:81.4,81.39 1 0
github.com/Zifeldev/emailback/internal/lang/detector.go:81.39,83.5 1 0
github.com/Zifeldev/emailback/internal/lang/detector.go:84.4,84.37 1 0
github.com/Zifeldev/emailback/internal/lang/detector.go:84.37,86.5 1 0
github.com/Zifeldev/emailback/internal/lang/detector.go:89.2,89.10 1 0
github.com/Zifeldev/emailback/internal/logger/logger.go:13.20,17.25 3 0
github.com/Zifeldev/emailback/internal/logger/logger.go:17.25,27.3 1 0
github.com/Zifeldev/emailback/internal/logger/logger.go:27.8,32.3 1 0
github.com/Zifeldev/emailback/internal/logger/logger.go:34.2,35.17 2 0
github.com/Zifeldev/emailback/internal/logger/logger.go:35.17,37.3 1 0
github.com/Zifeldev/emailback/internal/logger/logger.go:38.2,38.54 1 0
github.com/Zifeldev/emailback/internal/logger/logger.go:38.54,40.3 1 0
github.com/Zifeldev/emailback/internal/logger/logger.go:42.2,43.29 2 0
github.com/Zifeldev/emailback/internal/metrics/metrics.go:26.24,30.2 3 0
github.com/Zifeldev/emailback/internal/middleware/loggerMiddleware.go:22.48,25.2 2 0
github.com/Zifeldev/emailback/internal/middleware/loggerMiddleware.go:27.55,28.19 1 0
github.com/Zifeldev/emailback/internal/middleware/loggerMiddleware.go:28.19,30.3 1 0
github.com/Zifeldev/emailback/internal/middleware/loggerMiddleware.go:31.2,33.15 3 0
github.com/Zifeldev/emailback/internal/middleware/loggerMiddleware.go:48.45,49.52 1 0
github.com/Zifeldev/emailback/internal/middleware/loggerMiddleware.go:49.52,51.3 1 0
github.com/Zifeldev/emailback/internal/middleware/loggerMiddleware.go:52.2,52.11 1 0
github.com/Zifeldev/emailback/internal/middleware/loggerMiddleware.go:55.59,56.30 1 0
github.com/Zifeldev/emailback/internal/middleware/loggerMiddleware.go:56.30,65.54 7 0
github.com/Zifeldev/emailback/internal/middleware/loggerMiddleware.go:65.54,67.4 1 0
github.com/Zifeldev/emailback/internal/middleware/loggerMiddleware.go:68.3,82.20 3 0
github.com/Zifeldev/emailback/internal/middleware/loggerMiddleware.go:82.20,84.4 1 0
github.com/Zifeldev/emailback/internal/middleware/loggerMiddleware.go:84.9,84.27 1 0
github.com/Zifeldev/emailback/internal/middleware/loggerMiddleware.go:84.27,86.4 1 0
github.com/Zifeldev/emailback/internal/middleware/loggerMiddleware.go:86.9,88.4 1 0
github.com/Zifeldev/emailback/internal/middleware/loggerMiddleware.go:92.56,93.30 1 0
github.com/Zifeldev/emailback/internal/middleware/loggerMiddleware.go:93.30,95.20 2 0
github.com/Zifeldev/emailback/internal/middleware/loggerMiddleware.go:95.20,97.4 1 0
github.com/Zifeldev/emailback/internal/middleware/loggerMiddleware.go:98.3,98.20 1 0
github.com/Zifeldev/emailback/internal/middleware/loggerMiddleware.go:98.20,100.4 1 0
github.com/Zifeldev/emailback/internal/middleware/loggerMiddleware.go:101.3,101.20 1 0
github.com/Zifeldev/emailback/internal/middleware/loggerMiddleware.go:101.20,103.4 1 0
github.com/Zifeldev/emailback/internal/middleware/loggerMiddleware.go:105.3,111.11 5 0
github.com/Zifeldev/emailback/internal/middleware/loggerMiddleware.go:115.61,116.72 1 0
github.com/Zifeldev/emailback/internal/middleware/loggerMiddleware.go:116.72,132.16 7 0
github.com/Zifeldev/emailback/internal/middleware/loggerMiddleware.go:132.16,134.4 1 0
github.com/Zifeldev/emailback/internal/middleware/loggerMiddleware.go:136.3,136.15 1 0
github.com/Zifeldev/emailback/internal/middleware/loggerMiddleware.go:136.15,140.4 3 0
github.com/Zifeldev/emailback/internal/middleware/loggerMiddleware.go:142.3,147.5 3 0
github.com/Zifeldev/emailback/internal/repository/emailRepo.go:40.66,42.2 1 0
github.com/Zifeldev/emailback/internal/repository/emailRepo.go:46.86,48.16 2 0
github.com/Zifeldev/emailback/internal/repository/emailRepo.go:48.16,50.3 1 0
github.com/Zifeldev/emailback/internal/repository/emailRepo.go:51.2,52.16 2 0
github.com/Zifeldev/emailback/internal/repository/emailRepo.go:52.16,54.3 1 0
github.com/Zifeldev/emailback/internal/repository/emailRepo.go:56.2,79.12 2 0
github.com/Zifeldev/emailback/internal/repository/emailRepo.go:82.91,101.16 9 0
github.com/Zifeldev/emailback/internal/repository/emailRepo.go:101.16,102.36 1 0
github.com/Zifeldev/emailback/internal/repository/emailRepo.go:102.36,104.4 1 0
github.com/Zifeldev/emailback/internal/repository/emailRepo.go:105.3,105.18 1 0
github.com/Zifeldev/emailback/internal/repository/emailRepo.go:108.2,108.24 1 0
github.com/Zifeldev/emailback/internal/repository/emailRepo.go:108.24,110.3 1 0
github.com/Zifeldev/emailback/internal/repository/emailRepo.go:111.2,112.21 2 0
github.com/Zifeldev/emailback/internal/repository/emailRepo.go:112.21,114.3 1 0
github.com/Zifeldev/emailback/internal/repository/emailRepo.go:114.8,116.3 1 0
github.com/Zifeldev/emailback/internal/repository/emailRepo.go:117.2,117.26 1 0
github.com/Zifeldev/emailback/internal/repository/emailRepo.go:117.26,119.57 2 0
github.com/Zifeldev/emailback/internal/repository/emailRepo.go:119.57,121.4 1 0
github.com/Zifeldev/emailback/internal/repository/emailRepo.go:123.2,123.26 1 0
github.com/Zifeldev/emailback/internal/repository/emailRepo.go:123.26,125.57 2 0
github.com/Zifeldev/emailback/internal/repository/emailRepo.go:125.57,127.4 1 0
github.com/Zifeldev/emailback/internal/repository/emailRepo.go:129.2,129.20 1 0
github.com/Zifeldev/emailback/internal/repository/emailRepo.go:132.100,133.16 1 0
github.com/Zifeldev/emailback/internal/repository/emailRepo.go:133.16,135.3 1 0
github.com/Zifeldev/emailback/internal/repository/emailRepo.go:136.2,143.16 2 0
github.com/Zifeldev/emailback/internal/repository/emailRepo.go:143.16,145.3 1 0
github.com/Zifeldev/emailback/internal/repository/emailRepo.go:146.2,149.18 3 0
github.com/Zifeldev/emailback/internal/repository/emailRepo.go:149.18,160.17 7 0
github.com/Zifeldev/emailback/internal/repository/emailRepo.go:160.17,162.4 1 0
github.com/Zifeldev/emailback/internal/repository/emailRepo.go:163.3,163.25 1 0
github.com/Zifeldev/emailback/internal/repository/emailRepo.go:163.25,165.4 1 0
github.com/Zifeldev/emailback/internal/repository/emailRepo.go:166.3,167.22 2 0
github.com/Zifeldev/emailback/internal/repository/emailRepo.go:167.22,169.4 1 0
github.com/Zifeldev/emailback/internal/repository/emailRepo.go:170.3,170.27 1 0
github.com/Zifeldev/emailback/internal/repository/emailRepo.go:170.27,172.58 2 0
github.com/Zifeldev/emailback/internal/repository/emailRepo.go:172.58,174.5 1 0
github.com/Zifeldev/emailback/internal/repository/emailRepo.go:176.3,176.27 1 0
github.com/Zifeldev/emailback/internal/repository/emailRepo.go:176.27,178.58 2 0
github.com/Zifeldev/emailback/internal/repository/emailRepo.go:178.58,180.5 1 0
github.com/Zifeldev/emailback/internal/repository/emailRepo.go:182.3,182.24 1 0
github.com/Zifeldev/emailback/internal/repository/emailRepo.go:184.2,184.23 1 0
github.com/Zifeldev/emailback/internal/repository/emailRepo.go:184.23,186.3 1 0
github.com/Zifeldev/emailback/internal/repository/emailRepo.go:187.2,187.17 1 0
github.com/Zifeldev/emailback/internal/service/parser.go:33.74,34.31 1 0
github.com/Zifeldev/emailback/internal/service/parser.go:34.31,36.3 1 0
github.com/Zifeldev/emailback/internal/service/parser.go:37.2,37.54 1 0
github.com/Zifeldev/emailback/internal/service/parser.go:40.94,43.16 3 0
github.com/Zifeldev/emailback/internal/service/parser.go:43.16,46.3 2 0
github.com/Zifeldev/emailback/internal/service/parser.go:49.2,50.21 2 0
github.com/Zifeldev/emailback/internal/service/parser.go:50.21,51.40 1 0
github.com/Zifeldev/emailback/internal/service/parser.go:51.40,52.22 1 0
github.com/Zifeldev/emailback/internal/service/parser.go:52.22,53.13 1 0
github.com/Zifeldev/emailback/internal/service/parser.go:55.4,55.58 1 0
github.com/Zifeldev/emailback/internal/service/parser.go:59.2,61.17 3 0
github.com/Zifeldev/emailback/internal/service/parser.go:61.17,63.3 1 0
github.com/Zifeldev/emailback/internal/service/parser.go:66.2,68.19 3 0
github.com/Zifeldev/emailback/internal/service/parser.go:68.19,69.74 1 0
github.com/Zifeldev/emailback/internal/service/parser.go:69.74,71.4 1 0
github.com/Zifeldev/emailback/internal/service/parser.go:74.2,75.16 2 0
github.com/Zifeldev/emailback/internal/service/parser.go:75.16,76.74 1 0
github.com/Zifeldev/emailback/internal/service/parser.go:76.74,78.4 1 0
github.com/Zifeldev/emailback/internal/service/parser.go:79.8,80.52 1 0
github.com/Zifeldev/emailback/internal/service/parser.go:80.52,82.4 1 0
github.com/Zifeldev/emailback/internal/service/parser.go:85.2,86.54 2 0
github.com/Zifeldev/emailback/internal/service/parser.go:86.54,87.26 1 0
github.com/Zifeldev/emailback/internal/service/parser.go:87.26,88.58 1 0
github.com/Zifeldev/emailback/internal/service/parser.go:88.58,89.29 1 0
github.com/Zifeldev/emailback/internal/service/parser.go:89.29,91.6 1 0
github.com/Zifeldev/emailback/internal/service/parser.go:96.2,97.43 2 0
github.com/Zifeldev/emailback/internal/service/parser.go:97.43,98.48 1 0
github.com/Zifeldev/emailback/internal/service/parser.go:98.48,100.4 1 0
github.com/Zifeldev/emailback/internal/service/parser.go:103.2,104.34 2 0
github.com/Zifeldev/emailback/internal/service/parser.go:104.34,106.3 1 0
github.com/Zifeldev/emailback/internal/service/parser.go:109.2,114.57 4 0
github.com/Zifeldev/emailback/internal/service/parser.go:114.57,115.53 1 0
github.com/Zifeldev/emailback/internal/service/parser.go:115.53,118.4 2 0
github.com/Zifeldev/emailback/internal/service/parser.go:118.9,121.4 2 0
github.com/Zifeldev/emailback/internal/service/parser.go:125.2,126.36 2 0
github.com/Zifeldev/emailback/internal/service/parser.go:126.36,133.3 2 0
github.com/Zifeldev/emailback/internal/service/parser.go:136.2,165.20 5 0
github.com/Zifeldev/emailback/internal/service/parser.go:168.49,169.13 1 0
github.com/Zifeldev/emailback/internal/service/parser.go:169.13,171.3 1 0
github.com/Zifeldev/emailback/internal/service/parser.go:172.2,172.11 1 0
github.com/Zifeldev/emailback/internal/service/parser.go:175.31,176.39 1 0
github.com/Zifeldev/emailback/internal/service/parser.go:176.39,178.3 1 0
github.com/Zifeldev/emailback/internal/service/parser.go:179.2,180.38 2 0
github.com/Zifeldev/emailback/internal/service/parser.go:180.38,181.14 1 0
github.com/Zifeldev/emailback/internal/service/parser.go:181.14,183.4 1 0
github.com/Zifeldev/emailback/internal/service/parser.go:185.2,185.10 1 0
github.com/Zifeldev/emailback/internal/service/parser.go:188.30,189.13 1 0
github.com/Zifeldev/emailback/internal/service/parser.go:189.13,191.3 1 0
github.com/Zifeldev/emailback/internal/service/parser.go:192.2,192.35 1 0
github.com/Zifeldev/emailback/cmd/main.go:25.13,37.65 5 0
github.com/Zifeldev/emailback/cmd/main.go:37.65,39.3 1 0
github.com/Zifeldev/emailback/cmd/main.go:41.2,42.16 2 0
github.com/Zifeldev/emailback/cmd/main.go:42.16,44.3 1 0
github.com/Zifeldev/emailback/cmd/main.go:45.2,70.33 18 0
github.com/Zifeldev/emailback/cmd/main.go:70.33,72.3 1 0
github.com/Zifeldev/emailback/cmd/main.go:74.2,83.32 2 0
github.com/Zifeldev/emailback/cmd/main.go:83.32,85.3 1 0
github.com/Zifeldev/emailback/cmd/main.go:87.2,87.12 1 0
github.com/Zifeldev/emailback/cmd/main.go:87.12,89.77 2 0
github.com/Zifeldev/emailback/cmd/main.go:89.77,91.4 1 0
github.com/Zifeldev/emailback/cmd/main.go:93.2,102.50 8 0
github.com/Zifeldev/emailback/cmd/main.go:102.50,104.3 1 0
github.com/Zifeldev/emailback/cmd/main.go:104.8,106.3 1 0
github.com/Zifeldev/emailback/internal/config/config.go:42.41,50.16 4 0
github.com/Zifeldev/emailback/internal/config/config.go:50.16,64.3 1 0
github.com/Zifeldev/emailback/internal/config/config.go:64.8,78.3 1 0
github.com/Zifeldev/emailback/internal/config/config.go:79.2,82.12 2 0
github.com/Zifeldev/emailback/internal/config/config.go:85.37,86.36 1 0
github.com/Zifeldev/emailback/internal/config/config.go:86.36,88.3 1 0
github.com/Zifeldev/emailback/internal/config/config.go:89.2,89.12 1 0
github.com/Zifeldev/emailback/internal/config/config.go:91.44,92.36 1 0
github.com/Zifeldev/emailback/internal/config/config.go:92.36,94.17 2 0
github.com/Zifeldev/emailback/internal/config/config.go:94.17,96.4 1 0
github.com/Zifeldev/emailback/internal/config/config.go:98.2,98.12 1 0
github.com/Zifeldev/emailback/internal/config/config.go:100.41,101.36 1 0
github.com/Zifeldev/emailback/internal/config/config.go:101.36,102.44 1 0
github.com/Zifeldev/emailback/internal/config/config.go:102.44,104.4 1 0
github.com/Zifeldev/emailback/internal/config/config.go:106.2,106.12 1 0
github.com/Zifeldev/emailback/internal/config/config.go:108.66,109.36 1 0
github.com/Zifeldev/emailback/internal/config/config.go:109.36,110.50 1 0
github.com/Zifeldev/emailback/internal/config/config.go:110.50,112.4 1 0
github.com/Zifeldev/emailback/internal/config/config.go:114.2,114.12 1 0
github.com/Zifeldev/emailback/internal/config/config.go:117.33,118.47 1 0
github.com/Zifeldev/emailback/internal/config/config.go:118.47,120.3 1 0
github.com/Zifeldev/emailback/internal/config/config.go:121.2,121.51 1 0
github.com/Zifeldev/emailback/internal/config/config.go:123.33,126.16 3 0
github.com/Zifeldev/emailback/internal/config/config.go:126.16,127.56 1 0
github.com/Zifeldev/emailback/internal/config/config.go:129.2,129.10 1 0
github.com/Zifeldev/emailback/internal/controllers/health.go:14.48,14.80 1 0
github.com/Zifeldev/emailback/internal/controllers/health.go:16.43,19.44 3 0
github.com/Zifeldev/emailback/internal/controllers/health.go:19.44,22.6 2 0
github.com/Zifeldev/emailback/internal/controllers/health.go:23.5,23.61 1 0
github.com/Zifeldev/emailback/internal/controllers/health.go:26.36,30.2 1 0
github.com/Zifeldev/emailback/internal/controllers/parserController.go:23.111,29.2 1 0
github.com/Zifeldev/emailback/internal/controllers/parserController.go:31.69,33.19 2 0
github.com/Zifeldev/emailback/internal/controllers/parserController.go:33.19,35.3 1 0
github.com/Zifeldev/emailback/internal/controllers/parserController.go:36.2,43.4 1 0
github.com/Zifeldev/emailback/internal/controllers/parserController.go:46.58,50.16 4 0
github.com/Zifeldev/emailback/internal/controllers/parserController.go:50.16,54.3 3 0
github.com/Zifeldev/emailback/internal/controllers/parserController.go:56.2,57.16 2 0
github.com/Zifeldev/emailback/internal/controllers/parserController.go:57.16,61.3 3 0
github.com/Zifeldev/emailback/internal/controllers/parserController.go:63.2,66.52 3 0
github.com/Zifeldev/emailback/internal/controllers/parserController.go:66.52,72.3 3 0
github.com/Zifeldev/emailback/internal/controllers/parserController.go:74.2,75.16 2 0
github.com/Zifeldev/emailback/internal/controllers/parserController.go:75.16,79.3 3 0
github.com/Zifeldev/emailback/internal/controllers/parserController.go:81.2,81.35 1 0
github.com/Zifeldev/emailback/internal/controllers/parserController.go:84.53,88.14 3 0
github.com/Zifeldev/emailback/internal/controllers/parserController.go:88.14,92.3 3 0
github.com/Zifeldev/emailback/internal/controllers/parserController.go:94.2,98.16 4 0
github.com/Zifeldev/emailback/internal/controllers/parserController.go:98.16,99.41 1 0
github.com/Zifeldev/emailback/internal/controllers/parserController.go:99.41,103.4 3 0
github.com/Zifeldev/emailback/internal/controllers/parserController.go:104.3,106.9 3 0
github.com/Zifeldev/emailback/internal/controllers/parserController.go:108.2,108.28 1 0
github.com/Zifeldev/emailback/internal/controllers/parserController.go:111.52,116.36 4 0
github.com/Zifeldev/emailback/internal/controllers/parserController.go:116.36,117.53 1 0
github.com/Zifeldev/emailback/internal/controllers/parserController.go:117.53,119.4 1 0
github.com/Zifeldev/emailback/internal/controllers/parserController.go:121.2,121.37 1 0
github.com/Zifeldev/emailback/internal/controllers/parserController.go:121.37,122.54 1 0
github.com/Zifeldev/emailback/internal/controllers/parserController.go:122.54,124.4 1 0
github.com/Zifeldev/emailback/internal/controllers/parserController.go:127.2,131.16 4 0
github.com/Zifeldev/emailback/internal/controllers/parserController.go:131.16,135.3 3 0
github.com/Zifeldev/emailback/internal/controllers/parserController.go:137.2,142.4 1 0
github.com/Zifeldev/emailback/internal/db/db.go:13.49,24.2 5 0
github.com/Zifeldev/emailback/internal/db/db.go:26.81,29.16 3 0
github.com/Zifeldev/emailback/internal/db/db.go:29.16,31.3 1 0
github.com/Zifeldev/emailback/internal/db/db.go:33.2,39.48 6 0
github.com/Zifeldev/emailback/internal/db/db.go:39.48,41.3 1 0
github.com/Zifeldev/emailback/internal/db/db.go:42.2,45.16 3 0
github.com/Zifeldev/emailback/internal/db/db.go:45.16,47.3 1 0
github.com/Zifeldev/emailback/internal/db/db.go:49.2,51.43 3 0
github.com/Zifeldev/emailback/internal/db/db.go:51.43,54.3 2 0
github.com/Zifeldev/emailback/internal/db/db.go:56.2,56.18 1 0
github.com/Zifeldev/emailback/internal/lang/clean.go:11.33,12.13 1 0
github.com/Zifeldev/emailback/internal/lang/clean.go:12.13,14.3 1 0
github.com/Zifeldev/emailback/internal/lang/clean.go:16.2,16.22 1 0
github.com/Zifeldev/emailback/internal/lang/clean.go:16.22,17.34 1 0
github.com/Zifeldev/emailback/internal/lang/clean.go:17.34,19.4 1 0
github.com/Zifeldev/emailback/internal/lang/clean.go:19.9,21.4 1 0
github.com/Zifeldev/emailback/internal/lang/clean.go:24.2,26.63 2 0
github.com/Zifeldev/emailback/internal/lang/clean.go:26.63,28.3 1 0
github.com/Zifeldev/emailback/internal/lang/clean.go:30.2,30.44 1 0
github.com/Zifeldev/emailback/internal/lang/clean.go:30.44,32.3 1 0
github.com/Zifeldev/emailback/internal/lang/clean.go:34.2,43.27 8 0
github.com/Zifeldev/emailback/internal/lang/clean.go:43.27,45.17 2 0
github.com/Zifeldev/emailback/internal/lang/clean.go:45.17,46.12 1 0
github.com/Zifeldev/emailback/internal/lang/clean.go:48.3,48.36 1 0
github.com/Zifeldev/emailback/internal/lang/clean.go:48.36,49.12 1 0
github.com/Zifeldev/emailback/internal/lang/clean.go:51.3,51.45 1 0
github.com/Zifeldev/emailback/internal/lang/clean.go:51.45,52.12 1 0
github.com/Zifeldev/emailback/internal/lang/clean.go:54.3,54.37 1 0
github.com/Zifeldev/emailback/internal/lang/clean.go:54.37,55.12 1 0
github.com/Zifeldev/emailback/internal/lang/clean.go:57.3,57.36 1 0
github.com/Zifeldev/emailback/internal/lang/clean.go:59.2,70.10 10 0
github.com/Zifeldev/emailback/internal/lang/clean.go:73.39,81.33 2 0
github.com/Zifeldev/emailback/internal/lang/clean.go:81.33,82.46 1 0
github.com/Zifeldev/emailback/internal/lang/clean.go:82.46,84.4 1 0
github.com/Zifeldev/emailback/internal/lang/clean.go:86.2,86.48 1 0
github.com/Zifeldev/emailback/internal/lang/clean.go:86.48,88.3 1 0
github.com/Zifeldev/emailback/internal/lang/clean.go:89.2,89.49 1 0
github.com/Zifeldev/emailback/internal/lang/clean.go:89.49,91.3 1 0
github.com/Zifeldev/emailback/internal/lang/clean.go:92.2,92.11 1 0
github.com/Zifeldev/emailback/internal/lang/clean.go:95.35,97.66 2 0
github.com/Zifeldev/emailback/internal/lang/clean.go:97.66,99.3 1 0
github.com/Zifeldev/emailback/internal/lang/clean.go:100.2,100.94 1 0
github.com/Zifeldev/emailback/internal/lang/clean.go:100.94,102.3 1 0
github.com/Zifeldev/emailback/internal/lang/clean.go:103.2,103.35 1 0
github.com/Zifeldev/emailback/internal/lang/clean.go:103.35,105.3 1 0
github.com/Zifeldev/emailback/internal/lang/clean.go:106.2,106.58 1 0
github.com/Zifeldev/emailback/internal/lang/clean.go:106.58,108.3 1 0
github.com/Zifeldev/emailback/internal/lang/clean.go:109.2,109.14 1 0
github.com/Zifeldev/emailback/internal/lang/clean.go:112.40,114.16 2 0
github.com/Zifeldev/emailback/internal/lang/clean.go:114.16,116.3 1 0
github.com/Zifeldev/emailback/internal/lang/clean.go:117.2,119.25 3 0
github.com/Zifeldev/emailback/internal/lang/clean.go:119.25,120.30 1 0
github.com/Zifeldev/emailback/internal/lang/clean.go:120.30,122.17 2 0
github.com/Zifeldev/emailback/internal/lang/clean.go:122.17,123.20 1 0
github.com/Zifeldev/emailback/internal/lang/clean.go:123.20,125.37 2 0
github.com/Zifeldev/emailback/internal/lang/clean.go:125.37,127.7 1 0
github.com/Zifeldev/emailback/internal/lang/clean.go:129.5,129.23 1 0
github.com/Zifeldev/emailback/internal/lang/clean.go:131.4,131.10 1 0
github.com/Zifeldev/emailback/internal/lang/clean.go:133.3,133.33 1 0
github.com/Zifeldev/emailback/internal/lang/clean.go:133.33,135.28 2 0
github.com/Zifeldev/emailback/internal/lang/clean.go:135.28,137.5 1 0
github.com/Zifeldev/emailback/internal/lang/clean.go:138.4,138.55 1 0
github.com/Zifeldev/emailback/internal/lang/clean.go:138.55,140.5 1 0
github.com/Zifeldev/emailback/internal/lang/clean.go:141.4,141.28 1 0
github.com/Zifeldev/emailback/internal/lang/clean.go:141.28,143.5 1 0
github.com/Zifeldev/emailback/internal/lang/clean.go:146.2,152.12 7 0
github.com/Zifeldev/emailback/internal/lang/clean.go:155.41,161.2 5 0
github.com/Zifeldev/emailback/internal/lang/clean.go:163.38,164.30 1 0
github.com/Zifeldev/emailback/internal/lang/clean.go:165.129,166.14 1 0
github.com/Zifeldev/emailback/internal/lang/clean.go:167.10,168.15 1 0
github.com/Zifeldev/emailback/internal/lang/clean.go:200.38,201.13 1 0
github.com/Zifeldev/emailback/internal/lang/clean.go:201.13,203.3 1 0
github.com/Zifeldev/emailback/internal/lang/clean.go:204.2,207.23 4 0
github.com/Zifeldev/emailback/internal/lang/clean.go:207.23,208.50 1 0
github.com/Zifeldev/emailback/internal/lang/clean.go:208.50,210.9 2 0
github.com/Zifeldev/emailback/internal/lang/clean.go:213.2,213.35 1 0
github.com/Zifeldev/emailback/internal/lang/clean.go:213.35,214.54 1 0
github.com/Zifeldev/emailback/internal/lang/clean.go:214.54,216.9 2 0
github.com/Zifeldev/emailback/internal/lang/clean.go:219.2,219.18 1 0
github.com/Zifeldev/emailback/internal/lang/clean.go:219.18,221.3 1 0
github.com/Zifeldev/emailback/internal/lang/clean.go:222.2,222.48 1 0
github.com/Zifeldev/emailback/internal/lang/detector.go:18.60,19.21 1 0
github.com/Zifeldev/emailback/internal/lang/detector.go:19.21,25.3 1 0
github.com/Zifeldev/emailback/internal/lang/detector.go:26.2,30.51 2 0
github.com/Zifeldev/emailback/internal/lang/detector.go:33.70,35.19 2 0
github.com/Zifeldev/emailback/internal/lang/detector.go:35.19,37.3 1 0
github.com/Zifeldev/emailback/internal/lang/detector.go:39.2,40.9 2 0
github.com/Zifeldev/emailback/internal/lang/detector.go:40.9,42.3 1 0
github.com/Zifeldev/emailback/internal/lang/detector.go:45.2,50.35 4 0
github.com/Zifeldev/emailback/internal/lang/detector.go:50.35,52.3 1 0
github.com/Zifeldev/emailback/internal/lang/detector.go:55.2,55.18 1 0
github.com/Zifeldev/emailback/internal/lang/detector.go:56.22,57.27 1 0
github.com/Zifeldev/emailback/internal/lang/detector.go:58.22,59.27 1 0
github.com/Zifeldev/emailback/internal/lang/detector.go:60.21,61.27 1 0
github.com/Zifeldev/emailback/internal/lang/detector.go:62.10,63.57 1 0
github.com/Zifeldev/emailback/internal/lang/detector.go:67.67,68.29 1 0
github.com/Zifeldev/emailback/internal/lang/detector.go:69.35,70.27 1 0
github.com/Zifeldev/emailback/internal/lang/detector.go:70.27,72.4 1 0
github.com/Zifeldev/emailback/internal/lang/detector.go:73.50,74.27 1 0
github.com/Zifeldev/emailback/internal/lang/detector.go:74.27,78.39 3 0
github.com/Zifeldev/emailback/internal/lang/detector.go:78.39,80.5 1 0
github.com/Zifeldev/emailback/internal/lang/detector.go:81.4,81.39 1 0
github.com/Zifeldev/emailback/internal/lang/detector.go:81.39,83.5 1 0
github.com/Zifeldev/emailback/internal/lang/detector.go:84.4,84.37 1 0
github.com/Zifeldev/emailback/internal/lang/detector.go:84.37,86.5 1 0
github.com/Zifeldev/emailback/internal/lang/detector.go:89.2,89.10 1 0
github.com/Zifeldev/emailback/internal/logger/logger.go:13.20,17.25 3 1
github.com/Zifeldev/emailback/internal/logger/logger.go:17.25,27.3 1 1
github.com/Zifeldev/emailback/internal/logger/logger.go:27.8,32.3 1 1
github.com/Zifeldev/emailback/internal/logger/logger.go:34.2,35.17 2 1
github.com/Zifeldev/emailback/internal/logger/logger.go:35.17,37.3 1 1
github.com/Zifeldev/emailback/internal/logger/logger.go:38.2,38.54 1 1
github.com/Zifeldev/emailback/internal/logger/logger.go:38.54,40.3 1 1
github.com/Zifeldev/emailback/internal/logger/logger.go:42.2,43.29 2 1
github.com/Zifeldev/emailback/internal/metrics/metrics.go:26.24,30.2 3 0
github.com/Zifeldev/emailback/internal/middleware/loggerMiddleware.go:22.48,25.2 2 0
github.com/Zifeldev/emailback/internal/middleware/loggerMiddleware.go:27.55,28.19 1 0
github.com/Zifeldev/emailback/internal/middleware/loggerMiddleware.go:28.19,30.3 1 0
github.com/Zifeldev/emailback/internal/middleware/loggerMiddleware.go:31.2,33.15 3 0
github.com/Zifeldev/emailback/internal/middleware/loggerMiddleware.go:48.45,49.52 1 0
github.com/Zifeldev/emailback/internal/middleware/loggerMiddleware.go:49.52,51.3 1 0
github.com/Zifeldev/emailback/internal/middleware/loggerMiddleware.go:52.2,52.11 1 0
github.com/Zifeldev/emailback/internal/middleware/loggerMiddleware.go:55.59,56.30 1 0
github.com/Zifeldev/emailback/internal/middleware/loggerMiddleware.go:56.30,65.54 7 0
github.com/Zifeldev/emailback/internal/middleware/loggerMiddleware.go:65.54,67.4 1 0
github.com/Zifeldev/emailback/internal/middleware/loggerMiddleware.go:68.3,82.20 3 0
github.com/Zifeldev/emailback/internal/middleware/loggerMiddleware.go:82.20,84.4 1 0
github.com/Zifeldev/emailback/internal/middleware/loggerMiddleware.go:84.9,84.27 1 0
github.com/Zifeldev/emailback/internal/middleware/loggerMiddleware.go:84.27,86.4 1 0
github.com/Zifeldev/emailback/internal/middleware/loggerMiddleware.go:86.9,88.4 1 0
github.com/Zifeldev/emailback/internal/middleware/loggerMiddleware.go:92.56,93.30 1 0
github.com/Zifeldev/emailback/internal/middleware/loggerMiddleware.go:93.30,95.20 2 0
github.com/Zifeldev/emailback/internal/middleware/loggerMiddleware.go:95.20,97.4 1 0
github.com/Zifeldev/emailback/internal/middleware/loggerMiddleware.go:98.3,98.20 1 0
github.com/Zifeldev/emailback/internal/middleware/loggerMiddleware.go:98.20,100.4 1 0
github.com/Zifeldev/emailback/internal/middleware/loggerMiddleware.go:101.3,101.20 1 0
github.com/Zifeldev/emailback/internal/middleware/loggerMiddleware.go:101.20,103.4 1 0
github.com/Zifeldev/emailback/internal/middleware/loggerMiddleware.go:105.3,111.11 5 0
github.com/Zifeldev/emailback/internal/middleware/loggerMiddleware.go:115.61,116.72 1 0
github.com/Zifeldev/emailback/internal/middleware/loggerMiddleware.go:116.72,132.16 7 0
github.com/Zifeldev/emailback/internal/middleware/loggerMiddleware.go:132.16,134.4 1 0
github.com/Zifeldev/emailback/internal/middleware/loggerMiddleware.go:136.3,136.15 1 0
github.com/Zifeldev/emailback/internal/middleware/loggerMiddleware.go:136.15,140.4 3 0
github.com/Zifeldev/emailback/internal/middleware/loggerMiddleware.go:142.3,147.5 3 0
github.com/Zifeldev/emailback/internal/repository/emailRepo.go:40.66,42.2 1 0
github.com/Zifeldev/emailback/internal/repository/emailRepo.go:46.86,48.16 2 0
github.com/Zifeldev/emailback/internal/repository/emailRepo.go:48.16,50.3 1 0
github.com/Zifeldev/emailback/internal/repository/emailRepo.go:51.2,52.16 2 0
github.com/Zifeldev/emailback/internal/repository/emailRepo.go:52.16,54.3 1 0
github.com/Zifeldev/emailback/internal/repository/emailRepo.go:56.2,79.12 2 0
github.com/Zifeldev/emailback/internal/repository/emailRepo.go:82.91,101.16 9 0
github.com/Zifeldev/emailback/internal/repository/emailRepo.go:101.16,102.36 1 0
github.com/Zifeldev/emailback/internal/repository/emailRepo.go:102.36,104.4 1 0
github.com/Zifeldev/emailback/internal/repository/emailRepo.go:105.3,105.18 1 0
github.com/Zifeldev/emailback/internal/repository/emailRepo.go:108.2,108.24 1 0
github.com/Zifeldev/emailback/internal/repository/emailRepo.go:108.24,110.3 1 0
github.com/Zifeldev/emailback/internal/repository/emailRepo.go:111.2,112.21 2 0
github.com/Zifeldev/emailback/internal/repository/emailRepo.go:112.21,114.3 1 0
github.com/Zifeldev/emailback/internal/repository/emailRepo.go:114.8,116.3 1 0
github.com/Zifeldev/emailback/internal/repository/emailRepo.go:117.2,117.26 1 0
github.com/Zifeldev/emailback/internal/repository/emailRepo.go:117.26,119.57 2 0
github.com/Zifeldev/emailback/internal/repository/emailRepo.go:119.57,121.4 1 0
github.com/Zifeldev/emailback/internal/repository/emailRepo.go:123.2,123.26 1 0
github.com/Zifeldev/emailback/internal/repository/emailRepo.go:123.26,125.57 2 0
github.com/Zifeldev/emailback/internal/repository/emailRepo.go:125.57,127.4 1 0
github.com/Zifeldev/emailback/internal/repository/emailRepo.go:129.2,129.20 1 0
github.com/Zifeldev/emailback/internal/repository/emailRepo.go:132.100,133.16 1 0
github.com/Zifeldev/emailback/internal/repository/emailRepo.go:133.16,135.3 1 0
github.com/Zifeldev/emailback/internal/repository/emailRepo.go:136.2,143.16 2 0
github.com/Zifeldev/emailback/internal/repository/emailRepo.go:143.16,145.3 1 0
github.com/Zifeldev/emailback/internal/repository/emailRepo.go:146.2,149.18 3 0
github.com/Zifeldev/emailback/internal/repository/emailRepo.go:149.18,160.17 7 0
github.com/Zifeldev/emailback/internal/repository/emailRepo.go:160.17,162.4 1 0
github.com/Zifeldev/emailback/internal/repository/emailRepo.go:163.3,163.25 1 0
github.com/Zifeldev/emailback/internal/repository/emailRepo.go:163.25,165.4 1 0
github.com/Zifeldev/emailback/internal/repository/emailRepo.go:166.3,167.22 2 0
github.com/Zifeldev/emailback/internal/repository/emailRepo.go:167.22,169.4 1 0
github.com/Zifeldev/emailback/internal/repository/emailRepo.go:170.3,170.27 1 0
github.com/Zifeldev/emailback/internal/repository/emailRepo.go:170.27,172.58 2 0
github.com/Zifeldev/emailback/internal/repository/emailRepo.go:172.58,174.5 1 0
github.com/Zifeldev/emailback/internal/repository/emailRepo.go:176.3,176.27 1 0
github.com/Zifeldev/emailback/internal/repository/emailRepo.go:176.27,178.58 2 0
github.com/Zifeldev/emailback/internal/repository/emailRepo.go:178.58,180.5 1 0
github.com/Zifeldev/emailback/internal/repository/emailRepo.go:182.3,182.24 1 0
github.com/Zifeldev/emailback/internal/repository/emailRepo.go:184.2,184.23 1 0
github.com/Zifeldev/emailback/internal/repository/emailRepo.go:184.23,186.3 1 0
github.com/Zifeldev/emailback/internal/repository/emailRepo.go:187.2,187.17 1 0
github.com/Zifeldev/emailback/internal/service/parser.go:33.74,34.31 1 0
github.com/Zifeldev/emailback/internal/service/parser.go:34.31,36.3 1 0
github.com/Zifeldev/emailback/internal/service/parser.go:37.2,37.54 1 0
github.com/Zifeldev/emailback/internal/service/parser.go:40.94,43.16 3 0
github.com/Zifeldev/emailback/internal/service/parser.go:43.16,46.3 2 0
github.com/Zifeldev/emailback/internal/service/parser.go:49.2,50.21 2 0
github.com/Zifeldev/emailback/internal/service/parser.go:50.21,51.40 1 0
github.com/Zifeldev/emailback/internal/service/parser.go:51.40,52.22 1 0
github.com/Zifeldev/emailback/internal/service/parser.go:52.22,53.13 1 0
github.com/Zifeldev/emailback/internal/service/parser.go:55.4,55.58 1 0
github.com/Zifeldev/emailback/internal/service/parser.go:59.2,61.17 3 0
github.com/Zifeldev/emailback/internal/service/parser.go:61.17,63.3 1 0
github.com/Zifeldev/emailback/internal/service/parser.go:66.2,68.19 3 0
github.com/Zifeldev/emailback/internal/service/parser.go:68.19,69.74 1 0
github.com/Zifeldev/emailback/internal/service/parser.go:69.74,71.4 1 0
github.com/Zifeldev/emailback/internal/service/parser.go:74.2,75.16 2 0
github.com/Zifeldev/emailback/internal/service/parser.go:75.16,76.74 1 0
github.com/Zifeldev/emailback/internal/service/parser.go:76.74,78.4 1 0
github.com/Zifeldev/emailback/internal/service/parser.go:79.8,80.52 1 0
github.com/Zifeldev/emailback/internal/service/parser.go:80.52,82.4 1 0
github.com/Zifeldev/emailback/internal/service/parser.go:85.2,86.54 2 0
github.com/Zifeldev/emailback/internal/service/parser.go:86.54,87.26 1 0
github.com/Zifeldev/emailback/internal/service/parser.go:87.26,88.58 1 0
github.com/Zifeldev/emailback/internal/service/parser.go:88.58,89.29 1 0
github.com/Zifeldev/emailback/internal/service/parser.go:89.29,91.6 1 0
github.com/Zifeldev/emailback/internal/service/parser.go:96.2,97.43 2 0
github.com/Zifeldev/emailback/internal/service/parser.go:97.43,98.48 1 0
github.com/Zifeldev/emailback/internal/service/parser.go:98.48,100.4 1 0
github.com/Zifeldev/emailback/internal/service/parser.go:103.2,104.34 2 0
github.com/Zifeldev/emailback/internal/service/parser.go:104.34,106.3 1 0
github.com/Zifeldev/emailback/internal/service/parser.go:109.2,114.57 4 0
github.com/Zifeldev/emailback/internal/service/parser.go:114.57,115.53 1 0
github.com/Zifeldev/emailback/internal/service/parser.go:115.53,118.4 2 0
github.com/Zifeldev/emailback/internal/service/parser.go:118.9,121.4 2 0
github.com/Zifeldev/emailback/internal/service/parser.go:125.2,126.36 2 0
github.com/Zifeldev/emailback/internal/service/parser.go:126.36,133.3 2 0
github.com/Zifeldev/emailback/internal/service/parser.go:136.2,165.20 5 0
github.com/Zifeldev/emailback/internal/service/parser.go:168.49,169.13 1 0
github.com/Zifeldev/emailback/internal/service/parser.go:169.13,171.3 1 0
github.com/Zifeldev/emailback/internal/service/parser.go:172.2,172.11 1 0
github.com/Zifeldev/emailback/internal/service/parser.go:175.31,176.39 1 0
github.com/Zifeldev/emailback/internal/service/parser.go:176.39,178.3 1 0
github.com/Zifeldev/emailback/internal/service/parser.go:179.2,180.38 2 0
github.com/Zifeldev/emailback/internal/service/parser.go:180.38,181.14 1 0
github.com/Zifeldev/emailback/internal/service/parser.go:181.14,183.4 1 0
github.com/Zifeldev/emailback/internal/service/parser.go:185.2,185.10 1 0
github.com/Zifeldev/emailback/internal/service/parser.go:188.30,189.13 1 0
github.com/Zifeldev/emailback/internal/service/parser.go:189.13,191.3 1 0
github.com/Zifeldev/emailback/internal/service/parser.go:192.2,192.35 1 0
github.com/Zifeldev/emailback/cmd/main.go:25.13,37.65 5 0
github.com/Zifeldev/emailback/cmd/main.go:37.65,39.3 1 0
github.com/Zifeldev/emailback/cmd/main.go:41.2,42.16 2 0
github.com/Zifeldev/emailback/cmd/main.go:42.16,44.3 1 0
github.com/Zifeldev/emailback/cmd/main.go:45.2,70.33 18 0
github.com/Zifeldev/emailback/cmd/main.go:70.33,72.3 1 0
github.com/Zifeldev/emailback/cmd/main.go:74.2,83.32 2 0
github.com/Zifeldev/emailback/cmd/main.go:83.32,85.3 1 0
github.com/Zifeldev/emailback/cmd/main.go:87.2,87.12 1 0
github.com/Zifeldev/emailback/cmd/main.go:87.12,89.77 2 0
github.com/Zifeldev/emailback/cmd/main.go:89.77,91.4 1 0
github.com/Zifeldev/emailback/cmd/main.go:93.2,102.50 8 0
github.com/Zifeldev/emailback/cmd/main.go:102.50,104.3 1 0
github.com/Zifeldev/emailback/cmd/main.go:104.8,106.3 1 0
github.com/Zifeldev/emailback/internal/config/config.go:42.41,50.16 4 0
github.com/Zifeldev/emailback/internal/config/config.go:50.16,64.3 1 0
github.com/Zifeldev/emailback/internal/config/config.go:64.8,78.3 1 0
github.com/Zifeldev/emailback/internal/config/config.go:79.2,82.12 2 0
github.com/Zifeldev/emailback/internal/config/config.go:85.37,86.36 1 0
github.com/Zifeldev/emailback/internal/config/config.go:86.36,88.3 1 0
github.com/Zifeldev/emailback/internal/config/config.go:89.2,89.12 1 0
github.com/Zifeldev/emailback/internal/config/config.go:91.44,92.36 1 0
github.com/Zifeldev/emailback/internal/config/config.go:92.36,94.17 2 0
github.com/Zifeldev/emailback/internal/config/config.go:94.17,96.4 1 0
github.com/Zifeldev/emailback/internal/config/config.go:98.2,98.12 1 0
github.com/Zifeldev/emailback/internal/config/config.go:100.41,101.36 1 0
github.com/Zifeldev/emailback/internal/config/config.go:101.36,102.44 1 0
github.com/Zifeldev/emailback/internal/config/config.go:102.44,104.4 1 0
github.com/Zifeldev/emailback/internal/config/config.go:106.2,106.12 1 0
github.com/Zifeldev/emailback/internal/config/config.go:108.66,109.36 1 0
github.com/Zifeldev/emailback/internal/config/config.go:109.36,110.50 1 0
github.com/Zifeldev/emailback/internal/config/config.go:110.50,112.4 1 0
github.com/Zifeldev/emailback/internal/config/config.go:114.2,114.12 1 0
github.com/Zifeldev/emailback/internal/config/config.go:117.33,118.47 1 0
github.com/Zifeldev/emailback/internal/config/config.go:118.47,120.3 1 0
github.com/Zifeldev/emailback/internal/config/config.go:121.2,121.51 1 0
github.com/Zifeldev/emailback/internal/config/config.go:123.33,126.16 3 0
github.com/Zifeldev/emailback/internal/config/config.go:126.16,127.56 1 0
github.com/Zifeldev/emailback/internal/config/config.go:129.2,129.10 1 0
github.com/Zifeldev/emailback/internal/controllers/health.go:14.48,14.80 1 0
github.com/Zifeldev/emailback/internal/controllers/health.go:16.43,19.44 3 0
github.com/Zifeldev/emailback/internal/controllers/health.go:19.44,22.6 2 0
github.com/Zifeldev/emailback/internal/controllers/health.go:23.5,23.61 1 0
github.com/Zifeldev/emailback/internal/controllers/health.go:26.36,30.2 1 1
github.com/Zifeldev/emailback/internal/controllers/parserController.go:23.111,29.2 1 1
github.com/Zifeldev/emailback/internal/controllers/parserController.go:31.69,33.19 2 1
github.com/Zifeldev/emailback/internal/controllers/parserController.go:33.19,35.3 1 1
github.com/Zifeldev/emailback/internal/controllers/parserController.go:36.2,43.4 1 1
github.com/Zifeldev/emailback/internal/controllers/parserController.go:46.58,50.16 4 1
github.com/Zifeldev/emailback/internal/controllers/parserController.go:50.16,54.3 3 0
github.com/Zifeldev/emailback/internal/controllers/parserController.go:56.2,57.16 2 1
github.com/Zifeldev/emailback/internal/controllers/parserController.go:57.16,61.3 3 1
github.com/Zifeldev/emailback/internal/controllers/parserController.go:63.2,66.52 3 1
github.com/Zifeldev/emailback/internal/controllers/parserController.go:66.52,72.3 3 1
github.com/Zifeldev/emailback/internal/controllers/parserController.go:74.2,75.16 2 1
github.com/Zifeldev/emailback/internal/controllers/parserController.go:75.16,79.3 3 0
github.com/Zifeldev/emailback/internal/controllers/parserController.go:81.2,81.35 1 1
github.com/Zifeldev/emailback/internal/controllers/parserController.go:84.53,88.14 3 1
github.com/Zifeldev/emailback/internal/controllers/parserController.go:88.14,92.3 3 0
github.com/Zifeldev/emailback/internal/controllers/parserController.go:94.2,98.16 4 1
github.com/Zifeldev/emailback/internal/controllers/parserController.go:98.16,99.41 1 1
github.com/Zifeldev/emailback/internal/controllers/parserController.go:99.41,103.4 3 1
github.com/Zifeldev/emailback/internal/controllers/parserController.go:104.3,106.9 3 1
github.com/Zifeldev/emailback/internal/controllers/parserController.go:108.2,108.28 1 0
github.com/Zifeldev/emailback/internal/controllers/parserController.go:111.52,116.36 4 1
github.com/Zifeldev/emailback/internal/controllers/parserController.go:116.36,117.53 1 1
github.com/Zifeldev/emailback/internal/controllers/parserController.go:117.53,119.4 1 1
github.com/Zifeldev/emailback/internal/controllers/parserController.go:121.2,121.37 1 1
github.com/Zifeldev/emailback/internal/controllers/parserController.go:121.37,122.54 1 1
github.com/Zifeldev/emailback/internal/controllers/parserController.go:122.54,124.4 1 1
github.com/Zifeldev/emailback/internal/controllers/parserController.go:127.2,131.16 4 1
github.com/Zifeldev/emailback/internal/controllers/parserController.go:131.16,135.3 3 0
github.com/Zifeldev/emailback/internal/controllers/parserController.go:137.2,142.4 1 1
github.com/Zifeldev/emailback/internal/db/db.go:13.49,24.2 5 0
github.com/Zifeldev/emailback/internal/db/db.go:26.81,29.16 3 0
github.com/Zifeldev/emailback/internal/db/db.go:29.16,31.3 1 0
github.com/Zifeldev/emailback/internal/db/db.go:33.2,39.48 6 0
github.com/Zifeldev/emailback/internal/db/db.go:39.48,41.3 1 0
github.com/Zifeldev/emailback/internal/db/db.go:42.2,45.16 3 0
github.com/Zifeldev/emailback/internal/db/db.go:45.16,47.3 1 0
github.com/Zifeldev/emailback/internal/db/db.go:49.2,51.43 3 0
github.com/Zifeldev/emailback/internal/db/db.go:51.43,54.3 2 0
github.com/Zifeldev/emailback/internal/db/db.go:56.2,56.18 1 0
github.com/Zifeldev/emailback/internal/lang/clean.go:11.33,12.13 1 0
github.com/Zifeldev/emailback/internal/lang/clean.go:12.13,14.3 1 0
github.com/Zifeldev/emailback/internal/lang/clean.go:16.2,16.22 1 0
github.com/Zifeldev/emailback/internal/lang/clean.go:16.22,17.34 1 0
github.com/Zifeldev/emailback/internal/lang/clean.go:17.34,19.4 1 0
github.com/Zifeldev/emailback/internal/lang/clean.go:19.9,21.4 1 0
github.com/Zifeldev/emailback/internal/lang/clean.go:24.2,26.63 2 0
[...]
github.com/Zifeldev/emailback/internal/controllers/parserController.go:31.69,33.19 2 0
github.com/Zifeldev/emailback/internal/controllers/parserController.go:33.19,35.3 1 0
github.com/Zifeldev/emailback/internal/controllers/parserController.go:36.2,43.4 1 0
github.com/Zifeldev/emailback/internal/controllers/parserController.go:46.58,50.16 4 0
github.com/Zifeldev/emailback/internal/controllers/parserController.go:50.16,54.3 3 0
github.com/Zifeldev/emailback/internal/controllers/parserController.go:56.2,57.16 2 0
github.com/Zifeldev/emailback/internal/controllers/parserController.go:57.16,61.3 3 0
github.com/Zifeldev/emailback/internal/controllers/parserController.go:63.2,66.52 3 0
github.com/Zifeldev/emailback/internal/controllers/parserController.go:66.52,72.3 3 0
github.com/Zifeldev/emailback/internal/controllers/parserController.go:74.2,75.16 2 0
github.com/Zifeldev/emailback/internal/controllers/parserController.go:75.16,79.3 3 0
github.com/Zifeldev/emailback/internal/controllers/parserController.go:81.2,81.35 1 0
github.com/Zifeldev/emailback/internal/controllers/parserController.go:84.53,88.14 3 0
github.com/Zifeldev/emailback/internal/controllers/parserController.go:88.14,92.3 3 0
github.com/Zifeldev/emailback/internal/controllers/parserController.go:94.2,98.16 4 0
github.com/Zifeldev/emailback/internal/controllers/parserController.go:98.16,99.41 1 0
github.com/Zifeldev/emailback/internal/controllers/parserController.go:99.41,103.4 3 0
github.com/Zifeldev/emailback/internal/controllers/parserController.go:104.3,106.9 3 0
github.com/Zifeldev/emailback/internal/controllers/parserController.go:108.2,108.28 1 0
github.com/Zifeldev/emailback/internal/controllers/parserController.go:111.52,116.36 4 0
github.com/Zifeldev/emailback/internal/controllers/parserController.go:116.36,117.53 1 0
github.com/Zifeldev/emailback/internal/controllers/parserController.go:117.53,119.4 1 0
github.com/Zifeldev/emailback/internal/controllers/parserController.go:121.2,121.37 1 0
github.com/Zifeldev/emailback/internal/controllers/parserController.go:121.37,122.54 1 0
github.com/Zifeldev/emailback/internal/controllers/parserController.go:122.54,124.4 1 0
github.com/Zifeldev/emailback/internal/controllers/parserController.go:127.2,131.16 4 0
github.com/Zifeldev/emailback/internal/controllers/parserController.go:131.16,135.3 3 0
github.com/Zifeldev/emailback/internal/controllers/parserController.go:137.2,142.4 1 0
github.com/Zifeldev/emailback/internal/db/db.go:13.49,24.2 5 0
github.com/Zifeldev/emailback/internal/db/db.go:26.81,29.16 3 0
github.com/Zifeldev/emailback/internal/db/db.go:29.16,31.3 1 0
github.com/Zifeldev/emailback/internal/db/db.go:33.2,39.48 6 0
github.com/Zifeldev/emailback/internal/db/db.go:39.48,41.3 1 0
github.com/Zifeldev/emailback/internal/db/db.go:42.2,45.16 3 0
github.com/Zifeldev/emailback/internal/db/db.go:45.16,47.3 1 0
github.com/Zifeldev/emailback/internal/db/db.go:49.2,51.43 3 0
github.com/Zifeldev/emailback/internal/db/db.go:51.43,54.3 2 0
github.com/Zifeldev/emailback/internal/db/db.go:56.2,56.18 1 0
github.com/Zifeldev/emailback/internal/lang/clean.go:11.33,12.13 1 0
github.com/Zifeldev/emailback/internal/lang/clean.go:12.13,14.3 1 0
github.com/Zifeldev/emailback/internal/lang/clean.go:16.2,16.22 1 0
github.com/Zifeldev/emailback/internal/lang/clean.go:16.22,17.34 1 0
github.com/Zifeldev/emailback/internal/lang/clean.go:17.34,19.4 1 0
github.com/Zifeldev/emailback/internal/lang/clean.go:19.9,21.4 1 0
github.com/Zifeldev/emailback/internal/lang/clean.go:24.2,26.63 2 0
github.com/Zifeldev/emailback/internal/lang/clean.go:26.63,28.3 1 0
github.com/Zifeldev/emailback/internal/lang/clean.go:30.2,30.44 1 0
github.com/Zifeldev/emailback/internal/lang/clean.go:30.44,32.3 1 0
github.com/Zifeldev/emailback/internal/lang/clean.go:34.2,43.27 8 0
github.com/Zifeldev/emailback/internal/lang/clean.go:43.27,45.17 2 0
github.com/Zifeldev/emailback/internal/lang/clean.go:45.17,46.12 1 0
github.com/Zifeldev/emailback/internal/lang/clean.go:48.3,48.36 1 0
github.com/Zifeldev/emailback/internal/lang/clean.go:48.36,49.12 1 0
github.com/Zifeldev/emailback/internal/lang/clean.go:51.3,51.45 1 0
github.com/Zifeldev/emailback/internal/lang/clean.go:51.45,52.12 1 0
github.com/Zifeldev/emailback/internal/lang/clean.go:54.3,54.37 1 0
github.com/Zifeldev/emailback/internal/lang/clean.go:54.37,55.12 1 0
github.com/Zifeldev/emailback/internal/lang/clean.go:57.3,57.36 1 0
github.com/Zifeldev/emailback/internal/lang/clean.go:59.2,70.10 10 0
github.com/Zifeldev/emailback/internal/lang/clean.go:73.39,81.33 2 0
github.com/Zifeldev/emailback/internal/lang/clean.go:81.33,82.46 1 0
github.com/Zifeldev/emailback/internal/lang/clean.go:82.46,84.4 1 0
github.com/Zifeldev/emailback/internal/lang/clean.go:86.2,86.48 1 0
github.com/Zifeldev/emailback/internal/lang/clean.go:86.48,88.3 1 0
github.com/Zifeldev/emailback/internal/lang/clean.go:89.2,89.49 1 0
github.com/Zifeldev/emailback/internal/lang/clean.go:89.49,91.3 1 0
github.com/Zifeldev/emailback/internal/lang/clean.go:92.2,92.11 1 0
github.com/Zifeldev/emailback/internal/lang/clean.go:95.35,97.66 2 0
github.com/Zifeldev/emailback/internal/lang/clean.go:97.66,99.3 1 0
github.com/Zifeldev/emailback/internal/lang/clean.go:100.2,100.94 1 0
github.com/Zifeldev/emailback/internal/lang/clean.go:100.94,102.3 1 0
github.com/Zifeldev/emailback/internal/lang/clean.go:103.2,103.35 1 0
github.com/Zifeldev/emailback/internal/lang/clean.go:103.35,105.3 1 0
github.com/Zifeldev/emailback/internal/lang/clean.go:106.2,106.58 1 0
github.com/Zifeldev/emailback/internal/lang/clean.go:106.58,108.3 1 0
github.com/Zifeldev/emailback/internal/lang/clean.go:109.2,109.14 1 0
github.com/Zifeldev/emailback/internal/lang/clean.go:112.40,114.16 2 0
github.com/Zifeldev/emailback/internal/lang/clean.go:114.16,116.3 1 0
github.com/Zifeldev/emailback/internal/lang/clean.go:117.2,119.25 3 0
github.com/Zifeldev/emailback/internal/lang/clean.go:119.25,120.30 1 0
github.com/Zifeldev/emailback/internal/lang/clean.go:120.30,122.17 2 0
github.com/Zifeldev/emailback/internal/lang/clean.go:122.17,123.20 1 0
github.com/Zifeldev/emailback/internal/lang/clean.go:123.20,125.37 2 0
github.com/Zifeldev/emailback/internal/lang/clean.go:125.37,127.7 1 0
github.com/Zifeldev/emailback/internal/lang/clean.go:129.5,129.23 1 0
github.com/Zifeldev/emailback/internal/lang/clean.go:131.4,131.10 1 0
github.com/Zifeldev/emailback/internal/lang/clean.go:133.3,133.33 1 0
github.com/Zifeldev/emailback/internal/lang/clean.go:133.33,135.28 2 0
github.com/Zifeldev/emailback/internal/lang/clean.go:135.28,137.5 1 0
github.com/Zifeldev/emailback/internal/lang/clean.go:138.4,138.55 1 0
github.com/Zifeldev/emailback/internal/lang/clean.go:138.55,140.5 1 0
github.com/Zifeldev/emailback/internal/lang/clean.go:141.4,141.28 1 0
github.com/Zifeldev/emailback/internal/lang/clean.go:141.28,143.5 1 0
github.com/Zifeldev/emailback/internal/lang/clean.go:146.2,152.12 7 0
github.com/Zifeldev/emailback/internal/lang/clean.go:155.41,161.2 5 0
github.com/Zifeldev/emailback/internal/lang/clean.go:163.38,164.30 1 0
github.com/Zifeldev/emailback/internal/lang/clean.go:165.129,166.14 1 0
github.com/Zifeldev/emailback/internal/lang/clean.go:167.10,168.15 1 0
github.com/Zifeldev/emailback/internal/lang/clean.go:200.38,201.13 1 0
github.com/Zifeldev/emailback/internal/lang/clean.go:201.13,203.3 1 0
github.com/Zifeldev/emailback/internal/lang/clean.go:204.2,207.23 4 0
github.com/Zifeldev/emailback/internal/lang/clean.go:207.23,208.50 1 0
github.com/Zifeldev/emailback/internal/lang/clean.go:208.50,210.9 2 0
github.com/Zifeldev/emailback/internal/lang/clean.go:213.2,213.35 1 0
github.com/Zifeldev/emailback/internal/lang/clean.go:213.35,214.54 1 0
github.com/Zifeldev/emailback/internal/lang/clean.go:214.54,216.9 2 0
github.com/Zifeldev/emailback/internal/lang/clean.go:219.2,219.18 1 0
github.com/Zifeldev/emailback/internal/lang/clean.go:219.18,221.3 1 0
github.com/Zifeldev/emailback/internal/lang/clean.go:222.2,222.48 1 0
github.com/Zifeldev/emailback/internal/lang/detector.go:18.60,19.21 1 0
github.com/Zifeldev/emailback/internal/lang/detector.go:19.21,25.3 1 0
github.com/Zifeldev/emailback/internal/lang/detector.go:26.2,30.51 2 0
github.com/Zifeldev/emailback/internal/lang/detector.go:33.70,35.19 2 0
github.com/Zifeldev/emailback/internal/lang/detector.go:35.19,37.3 1 0
github.com/Zifeldev/emailback/internal/lang/detector.go:39.2,40.9 2 0
github.com/Zifeldev/emailback/internal/lang/detector.go:40.9,42.3 1 0
github.com/Zifeldev/emailback/internal/lang/detector.go:45.2,50.35 4 0
github.com/Zifeldev/emailback/internal/lang/detector.go:50.35,52.3 1 0
github.com/Zifeldev/emailback/internal/lang/detector.go:55.2,55.18 1 0
github.com/Zifeldev/emailback/internal/lang/detector.go:56.22,57.27 1 0
github.com/Zifeldev/emailback/internal/lang/detector.go:58.22,59.27 1 0
github.com/Zifeldev/emailback/internal/lang/detector.go:60.21,61.27 1 0
github.com/Zifeldev/emailback/internal/lang/detector.go:62.10,63.57 1 0
github.com/Zifeldev/emailback/internal/lang/detector.go:67.67,68.29 1 0
github.com/Zifeldev/emailback/internal/lang/detector.go:69.35,70.27 1 0
github.com/Zifeldev/emailback/internal/lang/detector.go:70.27,72.4 1 0
github.com/Zifeldev/emailback/internal/lang/detector.go:73.50,74.27 1 0
github.com/Zifeldev/emailback/internal/lang/detector.go:74.27,78.39 3 0
github.com/Zifeldev/emailback/internal/lang/detector.go:78.39,80.5 1 0
github.com/Zifeldev/emailback/internal/lang/detector.go:81.4,81.39 1 0
github.com/Zifeldev/emailback/internal/lang/detector.go:81.39,83.5 1 0
github.com/Zifeldev/emailback/internal/lang/detector.go:84.4,84.37 1 0
github.com/Zifeldev/emailback/internal/lang/detector.go:84.37,86.5 1 0
github.com/Zifeldev/emailback/internal/lang/detector.go:89.2,89.10 1 0
github.com/Zifeldev/emailback/internal/logger/logger.go:13.20,17.25 3 0
github.com/Zifeldev/emailback/internal/logger/logger.go:17.25,27.3 1 0
github.com/Zifeldev/emailback/internal/logger/logger.go:27.8,32.3 1 0
github.com/Zifeldev/emailback/internal/logger/logger.go:34.2,35.17 2 0
github.com/Zifeldev/emailback/internal/logger/logger.go:35.17,37.3 1 0
github.com/Zifeldev/emailback/internal/logger/logger.go:38.2,38.54 1 0
github.com/Zifeldev/emailback/internal/logger/logger.go:38.54,40.3 1 0
github.com/Zifeldev/emailback/internal/logger/logger.go:42.2,43.29 2 0
github.com/Zifeldev/emailback/internal/metrics/metrics.go:26.24,30.2 3 0
github.com/Zifeldev/emailback/internal/middleware/loggerMiddleware.go:22.48,25.2 2 1
github.com/Zifeldev/emailback/internal/middleware/loggerMiddleware.go:27.55,28.19 1 1
github.com/Zifeldev/emailback/internal/middleware/loggerMiddleware.go:28.19,30.3 1 0
github.com/Zifeldev/emailback/internal/middleware/loggerMiddleware.go:31.2,33.15 3 1
github.com/Zifeldev/emailback/internal/middleware/loggerMiddleware.go:48.45,49.52 1 1
github.com/Zifeldev/emailback/internal/middleware/loggerMiddleware.go:49.52,51.3 1 1
github.com/Zifeldev/emailback/internal/middleware/loggerMiddleware.go:52.2,52.11 1 1
github.com/Zifeldev/emailback/internal/middleware/loggerMiddleware.go:55.59,56.30 1 1
github.com/Zifeldev/emailback/internal/middleware/loggerMiddleware.go:56.30,65.54 7 1
github.com/Zifeldev/emailback/internal/middleware/loggerMiddleware.go:65.54,67.4 1 1
github.com/Zifeldev/emailback/internal/middleware/loggerMiddleware.go:68.3,82.20 3 1
github.com/Zifeldev/emailback/internal/middleware/loggerMiddleware.go:82.20,84.4 1 1
github.com/Zifeldev/emailback/internal/middleware/loggerMiddleware.go:84.9,84.27 1 1
github.com/Zifeldev/emailback/internal/middleware/loggerMiddleware.go:84.27,86.4 1 1
github.com/Zifeldev/emailback/internal/middleware/loggerMiddleware.go:86.9,88.4 1 1
github.com/Zifeldev/emailback/internal/middleware/loggerMiddleware.go:92.56,93.30 1 1
github.com/Zifeldev/emailback/internal/middleware/loggerMiddleware.go:93.30,95.20 2 1
github.com/Zifeldev/emailback/internal/middleware/loggerMiddleware.go:95.20,97.4 1 1
github.com/Zifeldev/emailback/internal/middleware/loggerMiddleware.go:98.3,98.20 1 1
github.com/Zifeldev/emailback/internal/middleware/loggerMiddleware.go:98.20,100.4 1 1
github.com/Zifeldev/emailback/internal/middleware/loggerMiddleware.go:101.3,101.20 1 1
github.com/Zifeldev/emailback/internal/middleware/loggerMiddleware.go:101.20,103.4 1 1
github.com/Zifeldev/emailback/internal/middleware/loggerMiddleware.go:105.3,111.11 5 1
github.com/Zifeldev/emailback/internal/middleware/loggerMiddleware.go:115.61,116.72 1 1
github.com/Zifeldev/emailback/internal/middleware/loggerMiddleware.go:116.72,132.16 7 1
github.com/Zifeldev/emailback/internal/middleware/loggerMiddleware.go:132.16,134.4 1 1
github.com/Zifeldev/emailback/internal/middleware/loggerMiddleware.go:136.3,136.15 1 1
github.com/Zifeldev/emailback/internal/middleware/loggerMiddleware.go:136.15,140.4 3 1
github.com/Zifeldev/emailback/internal/middleware/loggerMiddleware.go:142.3,147.5 3 1
github.com/Zifeldev/emailback/internal/repository/emailRepo.go:40.66,42.2 1 0
github.com/Zifeldev/emailback/internal/repository/emailRepo.go:46.86,48.16 2 0
github.com/Zifeldev/emailback/internal/repository/emailRepo.go:48.16,50.3 1 0
github.com/Zifeldev/emailback/internal/repository/emailRepo.go:51.2,52.16 2 0
github.com/Zifeldev/emailback/internal/repository/emailRepo.go:52.16,54.3 1 0
github.com/Zifeldev/emailback/internal/repository/emailRepo.go:56.2,79.12 2 0
github.com/Zifeldev/emailback/internal/repository/emailRepo.go:82.91,101.16 9 0
github.com/Zifeldev/emailback/internal/repository/emailRepo.go:101.16,102.36 1 0
github.com/Zifeldev/emailback/internal/repository/emailRepo.go:102.36,104.4 1 0
github.com/Zifeldev/emailback/internal/repository/emailRepo.go:105.3,105.18 1 0
github.com/Zifeldev/emailback/internal/repository/emailRepo.go:108.2,108.24 1 0
github.com/Zifeldev/emailback/internal/repository/emailRepo.go:108.24,110.3 1 0
github.com/Zifeldev/emailback/internal/repository/emailRepo.go:111.2,112.21 2 0
github.com/Zifeldev/emailback/internal/repository/emailRepo.go:112.21,114.3 1 0
github.com/Zifeldev/emailback/internal/repository/emailRepo.go:114.8,116.3 1 0
github.com/Zifeldev/emailback/internal/repository/emailRepo.go:117.2,117.26 1 0
github.com/Zifeldev/emailback/internal/repository/emailRepo.go:117.26,119.57 2 0
github.com/Zifeldev/emailback/internal/repository/emailRepo.go:119.57,121.4 1 0
github.com/Zifeldev/emailback/internal/repository/emailRepo.go:123.2,123.26 1 0
github.com/Zifeldev/emailback/internal/repository/emailRepo.go:123.26,125.57 2 0
github.com/Zifeldev/emailback/internal/repository/emailRepo.go:125.57,127.4 1 0
github.com/Zifeldev/emailback/internal/repository/emailRepo.go:129.2,129.20 1 0
github.com/Zifeldev/emailback/internal/repository/emailRepo.go:132.100,133.16 1 0
github.com/Zifeldev/emailback/internal/repository/emailRepo.go:133.16,135.3 1 0
github.com/Zifeldev/emailback/internal/repository/emailRepo.go:136.2,143.16 2 0
github.com/Zifeldev/emailback/internal/repository/emailRepo.go:143.16,145.3 1 0
github.com/Zifeldev/emailback/internal/repository/emailRepo.go:146.2,149.18 3 0
github.com/Zifeldev/emailback/internal/repository/emailRepo.go:149.18,160.17 7 0
github.com/Zifeldev/emailback/internal/repository/emailRepo.go:160.17,162.4 1 0
github.com/Zifeldev/emailback/internal/repository/emailRepo.go:163.3,163.25 1 0
github.com/Zifeldev/emailback/internal/repository/emailRepo.go:163.25,165.4 1 0
github.com/Zifeldev/emailback/internal/repository/emailRepo.go:166.3,167.22 2 0
github.com/Zifeldev/emailback/internal/repository/emailRepo.go:167.22,169.4 1 0
github.com/Zifeldev/emailback/internal/repository/emailRepo.go:170.3,170.27 1 0
github.com/Zifeldev/emailback/internal/repository/emailRepo.go:170.27,172.58 2 0
github.com/Zifeldev/emailback/internal/repository/emailRepo.go:172.58,174.5 1 0
github.com/Zifeldev/emailback/internal/repository/emailRepo.go:176.3,176.27 1 0
github.com/Zifeldev/emailback/internal/repository/emailRepo.go:176.27,178.58 2 0
github.com/Zifeldev/emailback/internal/repository/emailRepo.go:178.58,180.5 1 0
github.com/Zifeldev/emailback/internal/repository/emailRepo.go:182.3,182.24 1 0
github.com/Zifeldev/emailback/internal/repository/emailRepo.go:184.2,184.23 1 0
github.com/Zifeldev/emailback/internal/repository/emailRepo.go:184.23,186.3 1 0
github.com/Zifeldev/emailback/internal/repository/emailRepo.go:187.2,187.17 1 0
github.com/Zifeldev/emailback/internal/service/parser.go:33.74,34.31 1 0
github.com/Zifeldev/emailback/internal/service/parser.go:34.31,36.3 1 0
github.com/Zifeldev/emailback/internal/service/parser.go:37.2,37.54 1 0
github.com/Zifeldev/emailback/internal/service/parser.go:40.94,43.16 3 0
github.com/Zifeldev/emailback/internal/service/parser.go:43.16,46.3 2 0
github.com/Zifeldev/emailback/internal/service/parser.go:49.2,50.21 2 0
github.com/Zifeldev/emailback/internal/service/parser.go:50.21,51.40 1 0
github.com/Zifeldev/emailback/internal/service/parser.go:51.40,52.22 1 0
github.com/Zifeldev/emailback/internal/service/parser.go:52.22,53.13 1 0
github.com/Zifeldev/emailback/internal/service/parser.go:55.4,55.58 1 0
github.com/Zifeldev/emailback/internal/service/parser.go:59.2,61.17 3 0
github.com/Zifeldev/emailback/internal/service/parser.go:61.17,63.3 1 0
github.com/Zifeldev/emailback/internal/service/parser.go:66.2,68.19 3 0
github.com/Zifeldev/emailback/internal/service/parser.go:68.19,69.74 1 0
github.com/Zifeldev/emailback/internal/service/parser.go:69.74,71.4 1 0
github.com/Zifeldev/emailback/internal/service/parser.go:74.2,75.16 2 0
github.com/Zifeldev/emailback/internal/service/parser.go:75.16,76.74 1 0
github.com/Zifeldev/emailback/internal/service/parser.go:76.74,78.4 1 0
github.com/Zifeldev/emailback/internal/service/parser.go:79.8,80.52 1 0
github.com/Zifeldev/emailback/internal/service/parser.go:80.52,82.4 1 0
github.com/Zifeldev/emailback/internal/service/parser.go:85.2,86.54 2 0
github.com/Zifeldev/emailback/internal/service/parser.go:86.54,87.26 1 0
github.com/Zifeldev/emailback/internal/service/parser.go:87.26,88.58 1 0
github.com/Zifeldev/emailback/internal/service/parser.go:88.58,89.29 1 0
github.com/Zifeldev/emailback/internal/service/parser.go:89.29,91.6 1 0
github.com/Zifeldev/emailback/internal/service/parser.go:96.2,97.43 2 0
github.com/Zifeldev/emailback/internal/service/parser.go:97.43,98.48 1 0
github.com/Zifeldev/emailback/internal/service/parser.go:98.48,100.4 1 0
github.com/Zifeldev/emailback/internal/service/parser.go:103.2,104.34 2 0
github.com/Zifeldev/emailback/internal/service/parser.go:104.34,106.3 1 0
github.com/Zifeldev/emailback/internal/service/parser.go:109.2,114.57 4 0
github.com/Zifeldev/emailback/internal/service/parser.go:114.57,115.53 1 0
github.com/Zifeldev/emailback/internal/service/parser.go:115.53,118.4 2 0
github.com/Zifeldev/emailback/internal/service/parser.go:118.9,121.4 2 0
github.com/Zifeldev/emailback/internal/service/parser.go:125.2,126.36 2 0
github.com/Zifeldev/emailback/internal/service/parser.go:126.36,133.3 2 0
github.com/Zifeldev/emailback/internal/service/parser.go:136.2,165.20 5 0
github.com/Zifeldev/emailback/internal/service/parser.go:168.49,169.13 1 0
github.com/Zifeldev/emailback/internal/service/parser.go:169.13,171.3 1 0
github.com/Zifeldev/emailback/internal/service/parser.go:172.2,172.11 1 0
github.com/Zifeldev/emailback/internal/service/parser.go:175.31,176.39 1 0
github.com/Zifeldev/emailback/internal/service/parser.go:176.39,178.3 1 0
github.com/Zifeldev/emailback/internal/service/parser.go:179.2,180.38 2 0
github.com/Zifeldev/emailback/internal/service/parser.go:180.38,181.14 1 0
github.com/Zifeldev/emailback/internal/service/parser.go:181.14,183.4 1 0
github.com/Zifeldev/emailback/internal/service/parser.go:185.2,185.10 1 0
github.com/Zifeldev/emailback/internal/service/parser.go:188.30,189.13 1 0
github.com/Zifeldev/emailback/internal/service/parser.go:189.13,191.3 1 0
github.com/Zifeldev/emailback/internal/service/parser.go:192.2,192.35 1 0
